Log file open, 01/04/19 00:43:32
LogWindows: Failed to load 'aqProf.dll' (GetLastError=126)
LogWindows: File 'aqProf.dll' does not exist
LogWindows: Failed to load 'VtuneApi.dll' (GetLastError=126)
LogWindows: File 'VtuneApi.dll' does not exist
LogWindows: Failed to load 'VtuneApi32e.dll' (GetLastError=126)
LogWindows: File 'VtuneApi32e.dll' does not exist
LogInit: Display: Running engine for game: Dreamland
LogPlatformFile: Not using cached read wrapper
LogInit: Display: RandInit(-930530160) SRandInit(-930530160).
LogInit: Read version file with build ID '3944462'
LogInit: Overriding engine version to CL 4033788, compatible CL 3944462
LogInit: Registered custom module enumerator with build ID '3944462'
LogTaskGraph: Started task graph with 5 named threads and 14 total threads with 3 sets of task threads.
LogStats: Stats thread started at 0.171880
LogD3D11RHI: Aftermath initialized
LogICUInternationalization: Display: ICU TimeZone Detection - Raw Offset: +0:00, Platform Override: ''
LogModuleManager: Display: Found up-to-date module file ../../../Engine/Plugins/2D/Paper2D/Binaries/Win64/UE4Editor-Paper2D.dll (API version 3944462).
LogModuleManager: Display: Found up-to-date module file ../../../Engine/Plugins/2D/Paper2D/Binaries/Win64/UE4Editor-Paper2DEditor.dll (API version 3944462).
LogModuleManager: Display: Found up-to-date module file ../../../Engine/Plugins/2D/Paper2D/Binaries/Win64/UE4Editor-PaperSpriteSheetImporter.dll (API version 3944462).
LogModuleManager: Display: Found up-to-date module file ../../../Engine/Plugins/2D/Paper2D/Binaries/Win64/UE4Editor-PaperTiledImporter.dll (API version 3944462).
LogModuleManager: Display: Found up-to-date module file ../../../Engine/Plugins/2D/Paper2D/Binaries/Win64/UE4Editor-SmartSnapping.dll (API version 3944462).
LogModuleManager: Display: Found up-to-date module file ../../../Engine/Plugins/Blendables/LightPropagationVolume/Binaries/Win64/UE4Editor-LightPropagationVolumeRuntime.dll (API version 3944462).
LogModuleManager: Display: Found up-to-date module file ../../../Engine/Plugins/Blendables/LightPropagationVolume/Binaries/Win64/UE4Editor-LightPropagationVolumeEditor.dll (API version 3944462).
LogModuleManager: Display: Found up-to-date module file ../../../Engine/Plugins/Developer/CLionSourceCodeAccess/Binaries/Win64/UE4Editor-CLionSourceCodeAccess.dll (API version 3944462).
LogModuleManager: Display: Found up-to-date module file ../../../Engine/Plugins/Developer/GitSourceControl/Binaries/Win64/UE4Editor-GitSourceControl.dll (API version 3944462).
LogModuleManager: Display: Found up-to-date module file ../../../Engine/Plugins/Developer/PerforceSourceControl/Binaries/Win64/UE4Editor-PerforceSourceControl.dll (API version 3944462).
LogModuleManager: Display: Found up-to-date module file ../../../Engine/Plugins/Developer/SubversionSourceControl/Binaries/Win64/UE4Editor-SubversionSourceControl.dll (API version 3944462).
LogModuleManager: Display: Found up-to-date module file ../../../Engine/Plugins/Developer/UObjectPlugin/Binaries/Win64/UE4Editor-UObjectPlugin.dll (API version 3944462).
LogModuleManager: Display: Found up-to-date module file ../../../Engine/Plugins/Developer/VisualStudioCodeSourceCodeAccess/Binaries/Win64/UE4Editor-VisualStudioCodeSourceCodeAccess.dll (API version 3944462).
LogModuleManager: Display: Found up-to-date module file ../../../Engine/Plugins/Developer/VisualStudioSourceCodeAccess/Binaries/Win64/UE4Editor-VisualStudioSourceCodeAccess.dll (API version 3944462).
LogModuleManager: Display: Found up-to-date module file ../../../Engine/Plugins/Editor/AssetManagerEditor/Binaries/Win64/UE4Editor-AssetManagerEditor.dll (API version 3944462).
LogModuleManager: Display: Found up-to-date module file ../../../Engine/Plugins/Editor/CryptoKeys/Binaries/Win64/UE4Editor-CryptoKeys.dll (API version 3944462).
LogModuleManager: Display: Found up-to-date module file ../../../Engine/Plugins/Editor/CryptoKeys/Binaries/Win64/UE4Editor-CryptoKeysOpenSSL.dll (API version 3944462).
LogModuleManager: Display: Found up-to-date module file ../../../Engine/Plugins/Editor/DataValidation/Binaries/Win64/UE4Editor-DataValidation.dll (API version 3944462).
LogModuleManager: Display: Found up-to-date module file ../../../Engine/Plugins/Editor/FacialAnimation/Binaries/Win64/UE4Editor-FacialAnimation.dll (API version 3944462).
LogModuleManager: Display: Found up-to-date module file ../../../Engine/Plugins/Editor/FacialAnimation/Binaries/Win64/UE4Editor-FacialAnimationEditor.dll (API version 3944462).
LogModuleManager: Display: Found up-to-date module file ../../../Engine/Plugins/Editor/GameplayTagsEditor/Binaries/Win64/UE4Editor-GameplayTagsEditor.dll (API version 3944462).
LogModuleManager: Display: Found up-to-date module file ../../../Engine/Plugins/Editor/MobileLauncherProfileWizard/Binaries/Win64/UE4Editor-MobileLauncherProfileWizard.dll (API version 3944462).
LogModuleManager: Display: Found up-to-date module file ../../../Engine/Plugins/Editor/PluginBrowser/Binaries/Win64/UE4Editor-PluginBrowser.dll (API version 3944462).
LogModuleManager: Display: Found up-to-date module file ../../../Engine/Plugins/Editor/SpeedTreeImporter/Binaries/Win64/UE4Editor-SpeedTreeImporter.dll (API version 3944462).
LogModuleManager: Display: Found up-to-date module file ../../../Engine/Plugins/Enterprise/DatasmithContent/Binaries/Win64/UE4Editor-DatasmithContent.dll (API version 3944462).
LogModuleManager: Display: Found up-to-date module file ../../../Engine/Plugins/Experimental/AlembicImporter/Binaries/Win64/UE4Editor-AlembicImporter.dll (API version 3944462).
LogModuleManager: Display: Found up-to-date module file ../../../Engine/Plugins/Experimental/AlembicImporter/Binaries/Win64/UE4Editor-AlembicLibrary.dll (API version 3944462).
LogModuleManager: Display: Found up-to-date module file ../../../Engine/Plugins/Experimental/CharacterAI/Binaries/Win64/UE4Editor-CharacterAI.dll (API version 3944462).
LogModuleManager: Display: Found up-to-date module file ../../../Engine/Plugins/Experimental/HTML5Networking/Binaries/Win64/UE4Editor-HTML5Networking.dll (API version 3944462).
LogModuleManager: Display: Found up-to-date module file ../../../Engine/Plugins/Media/AndroidMedia/Binaries/Win64/UE4Editor-AndroidMediaEditor.dll (API version 3944462).
LogModuleManager: Display: Found up-to-date module file ../../../Engine/Plugins/Media/AndroidMedia/Binaries/Win64/UE4Editor-AndroidMediaFactory.dll (API version 3944462).
LogModuleManager: Display: Found up-to-date module file ../../../Engine/Plugins/Media/AvfMedia/Binaries/Win64/UE4Editor-AvfMediaEditor.dll (API version 3944462).
LogModuleManager: Display: Found up-to-date module file ../../../Engine/Plugins/Media/AvfMedia/Binaries/Win64/UE4Editor-AvfMediaFactory.dll (API version 3944462).
LogModuleManager: Display: Found up-to-date module file ../../../Engine/Plugins/Media/AvfMedia/Binaries/Win64/UE4Editor-AvfMediaFactory.dll (API version 3944462).
LogModuleManager: Display: Found up-to-date module file ../../../Engine/Plugins/Media/ImgMedia/Binaries/Win64/UE4Editor-ImgMedia.dll (API version 3944462).
LogModuleManager: Display: Found up-to-date module file ../../../Engine/Plugins/Media/ImgMedia/Binaries/Win64/UE4Editor-ImgMediaEditor.dll (API version 3944462).
LogModuleManager: Display: Found up-to-date module file ../../../Engine/Plugins/Media/ImgMedia/Binaries/Win64/UE4Editor-ImgMediaFactory.dll (API version 3944462).
LogModuleManager: Display: Found up-to-date module file ../../../Engine/Plugins/Media/ImgMedia/Binaries/Win64/UE4Editor-ImgMediaFactory.dll (API version 3944462).
LogModuleManager: Display: Found up-to-date module file ../../../Engine/Plugins/Media/ImgMedia/Binaries/Win64/UE4Editor-OpenExrWrapper.dll (API version 3944462).
LogModuleManager: Display: Found up-to-date module file ../../../Engine/Plugins/Media/LinearTimecode/Binaries/Win64/UE4Editor-LinearTimecode.dll (API version 3944462).
LogModuleManager: Display: Found up-to-date module file ../../../Engine/Plugins/Media/MediaCompositing/Binaries/Win64/UE4Editor-MediaCompositing.dll (API version 3944462).
LogModuleManager: Display: Found up-to-date module file ../../../Engine/Plugins/Media/MediaCompositing/Binaries/Win64/UE4Editor-MediaCompositingEditor.dll (API version 3944462).
LogModuleManager: Display: Found up-to-date module file ../../../Engine/Plugins/Media/MediaPlayerEditor/Binaries/Win64/UE4Editor-MediaPlayerEditor.dll (API version 3944462).
LogModuleManager: Display: Found up-to-date module file ../../../Engine/Plugins/Media/WmfMedia/Binaries/Win64/UE4Editor-WmfMedia.dll (API version 3944462).
LogModuleManager: Display: Found up-to-date module file ../../../Engine/Plugins/Media/WmfMedia/Binaries/Win64/UE4Editor-WmfMediaEditor.dll (API version 3944462).
LogModuleManager: Display: Found up-to-date module file ../../../Engine/Plugins/Media/WmfMedia/Binaries/Win64/UE4Editor-WmfMediaFactory.dll (API version 3944462).
LogModuleManager: Display: Found up-to-date module file ../../../Engine/Plugins/Media/WmfMedia/Binaries/Win64/UE4Editor-WmfMediaFactory.dll (API version 3944462).
LogModuleManager: Display: Found up-to-date module file ../../../Engine/Plugins/Messaging/TcpMessaging/Binaries/Win64/UE4Editor-TcpMessaging.dll (API version 3944462).
LogModuleManager: Display: Found up-to-date module file ../../../Engine/Plugins/Messaging/UdpMessaging/Binaries/Win64/UE4Editor-UdpMessaging.dll (API version 3944462).
LogModuleManager: Display: Found up-to-date module file ../../../Engine/Plugins/MovieScene/ActorSequence/Binaries/Win64/UE4Editor-ActorSequence.dll (API version 3944462).
LogModuleManager: Display: Found up-to-date module file ../../../Engine/Plugins/MovieScene/LevelSequenceEditor/Binaries/Win64/UE4Editor-LevelSequenceEditor.dll (API version 3944462).
LogModuleManager: Display: Found up-to-date module file ../../../Engine/Plugins/MovieScene/MatineeToLevelSequence/Binaries/Win64/UE4Editor-MatineeToLevelSequence.dll (API version 3944462).
LogModuleManager: Display: Found up-to-date module file ../../../Engine/Plugins/NetcodeUnitTest/NetcodeUnitTest/Binaries/Win64/UE4Editor-NetcodeUnitTest.dll (API version 3944462).
LogModuleManager: Display: Found up-to-date module file ../../../Engine/Plugins/NetcodeUnitTest/NUTUnrealEngine4/Binaries/Win64/UE4Editor-NUTUnrealEngine4.dll (API version 3944462).
LogModuleManager: Display: Found up-to-date module file ../../../Engine/Plugins/Online/OnlineSubsystem/Binaries/Win64/UE4Editor-OnlineSubsystem.dll (API version 3944462).
LogModuleManager: Display: Found up-to-date module file ../../../Engine/Plugins/Runtime/AndroidPermission/Binaries/Win64/UE4Editor-AndroidPermission.dll (API version 3944462).
LogModuleManager: Display: Found up-to-date module file ../../../Engine/Plugins/Online/OnlineSubsystemNull/Binaries/Win64/UE4Editor-OnlineSubsystemNull.dll (API version 3944462).
LogModuleManager: Display: Found up-to-date module file ../../../Engine/Plugins/Online/OnlineSubsystemUtils/Binaries/Win64/UE4Editor-OnlineSubsystemUtils.dll (API version 3944462).
LogModuleManager: Display: Found up-to-date module file ../../../Engine/Plugins/Online/OnlineSubsystemUtils/Binaries/Win64/UE4Editor-OnlineBlueprintSupport.dll (API version 3944462).
LogModuleManager: Display: Found up-to-date module file ../../../Engine/Plugins/Runtime/AndroidDeviceProfileSelector/Binaries/Win64/UE4Editor-AndroidDeviceProfileSelector.dll (API version 3944462).
LogModuleManager: Display: Found up-to-date module file ../../../Engine/Plugins/Runtime/AppleARKit/Binaries/Win64/UE4Editor-AppleARKit.dll (API version 3944462).
LogModuleManager: Display: Found up-to-date module file ../../../Engine/Plugins/Runtime/ProceduralMeshComponent/Binaries/Win64/UE4Editor-ProceduralMeshComponent.dll (API version 3944462).
LogModuleManager: Display: Found up-to-date module file ../../../Engine/Plugins/Runtime/ProceduralMeshComponent/Binaries/Win64/UE4Editor-ProceduralMeshComponentEditor.dll (API version 3944462).
LogModuleManager: Display: Found up-to-date module file ../../../Engine/Plugins/Animation/LiveLink/Binaries/Win64/UE4Editor-LiveLink.dll (API version 3944462).
LogModuleManager: Display: Found up-to-date module file ../../../Engine/Plugins/Animation/LiveLink/Binaries/Win64/UE4Editor-LiveLinkEditor.dll (API version 3944462).
LogModuleManager: Display: Found up-to-date module file ../../../Engine/Plugins/Runtime/ArchVisCharacter/Binaries/Win64/UE4Editor-ArchVisCharacter.dll (API version 3944462).
LogModuleManager: Display: Found up-to-date module file ../../../Engine/Plugins/Runtime/AudioCapture/Binaries/Win64/UE4Editor-AudioCapture.dll (API version 3944462).
LogModuleManager: Display: Found up-to-date module file ../../../Engine/Plugins/Runtime/AudioCapture/Binaries/Win64/UE4Editor-AudioCaptureEditor.dll (API version 3944462).
LogModuleManager: Display: Found up-to-date module file ../../../Engine/Plugins/Runtime/CableComponent/Binaries/Win64/UE4Editor-CableComponent.dll (API version 3944462).
LogModuleManager: Display: Found up-to-date module file ../../../Engine/Plugins/Runtime/CustomMeshComponent/Binaries/Win64/UE4Editor-CustomMeshComponent.dll (API version 3944462).
LogModuleManager: Display: Found up-to-date module file ../../../Engine/Plugins/Runtime/ExampleDeviceProfileSelector/Binaries/Win64/UE4Editor-ExampleDeviceProfileSelector.dll (API version 3944462).
LogModuleManager: Display: Found up-to-date module file ../../../Engine/Plugins/Runtime/ImmediatePhysics/Binaries/Win64/UE4Editor-ImmediatePhysics.dll (API version 3944462).
LogModuleManager: Display: Found up-to-date module file ../../../Engine/Plugins/Runtime/ImmediatePhysics/Binaries/Win64/UE4Editor-ImmediatePhysicsEditor.dll (API version 3944462).
LogModuleManager: Display: Found up-to-date module file ../../../Engine/Plugins/Runtime/LocationServicesBPLibrary/Binaries/Win64/UE4Editor-LocationServicesBPLibrary.dll (API version 3944462).
LogModuleManager: Display: Found up-to-date module file ../../../Engine/Plugins/Runtime/MobilePatchingUtils/Binaries/Win64/UE4Editor-MobilePatchingUtils.dll (API version 3944462).
LogModuleManager: Display: Found up-to-date module file ../../../Engine/Plugins/Runtime/Oculus/OculusVR/Binaries/Win64/UE4Editor-OculusHMD.dll (API version 3944462).
LogModuleManager: Display: Found up-to-date module file ../../../Engine/Plugins/Runtime/Oculus/OculusVR/Binaries/Win64/UE4Editor-OculusInput.dll (API version 3944462).
LogModuleManager: Display: Found up-to-date module file ../../../Engine/Plugins/Runtime/Oculus/OculusVR/Binaries/Win64/UE4Editor-OculusEditor.dll (API version 3944462).
LogModuleManager: Display: Found up-to-date module file ../../../Engine/Plugins/Runtime/PhysXVehicles/Binaries/Win64/UE4Editor-PhysXVehicles.dll (API version 3944462).
LogModuleManager: Display: Found up-to-date module file ../../../Engine/Plugins/Runtime/PhysXVehicles/Binaries/Win64/UE4Editor-PhysXVehiclesEditor.dll (API version 3944462).
LogModuleManager: Display: Found up-to-date module file ../../../Engine/Plugins/Runtime/RuntimePhysXCooking/Binaries/Win64/UE4Editor-RuntimePhysXCooking.dll (API version 3944462).
LogModuleManager: Display: Found up-to-date module file ../../../Engine/Plugins/Runtime/Steam/SteamVR/Binaries/Win64/UE4Editor-SteamVR.dll (API version 3944462).
LogModuleManager: Display: Found up-to-date module file ../../../Engine/Plugins/Runtime/Steam/SteamVR/Binaries/Win64/UE4Editor-SteamVRController.dll (API version 3944462).
LogModuleManager: Display: Found up-to-date module file ../../../Engine/Plugins/Runtime/WindowsMoviePlayer/Binaries/Win64/UE4Editor-WindowsMoviePlayer.dll (API version 3944462).
LogPluginManager: Mounting plugin Paper2D
LogPluginManager: Mounting plugin LiveLink
LogPluginManager: Mounting plugin LightPropagationVolume
LogPluginManager: Mounting plugin CLionSourceCodeAccess
LogPluginManager: Mounting plugin CodeLiteSourceCodeAccess
LogPluginManager: Mounting plugin GitSourceControl
LogPluginManager: Mounting plugin KDevelopSourceCodeAccess
LogPluginManager: Mounting plugin NullSourceCodeAccess
LogPluginManager: Mounting plugin PerforceSourceControl
LogPluginManager: Mounting plugin SubversionSourceControl
LogPluginManager: Mounting plugin UObjectPlugin
LogPluginManager: Mounting plugin VisualStudioCodeSourceCodeAccess
LogPluginManager: Mounting plugin VisualStudioSourceCodeAccess
LogPluginManager: Mounting plugin XCodeSourceCodeAccess
LogPluginManager: Mounting plugin AssetManagerEditor
LogPluginManager: Mounting plugin CryptoKeys
LogPluginManager: Mounting plugin DataValidation
LogPluginManager: Mounting plugin FacialAnimation
LogPluginManager: Mounting plugin GameplayTagsEditor
LogPluginManager: Mounting plugin MobileLauncherProfileWizard
LogPluginManager: Mounting plugin PluginBrowser
LogPluginManager: Mounting plugin SpeedTreeImporter
LogPluginManager: Mounting plugin DatasmithContent
LogPluginManager: Mounting plugin AlembicImporter
LogPluginManager: Mounting plugin CharacterAI
LogPluginManager: Mounting plugin HTML5Networking
LogPluginManager: Mounting plugin AndroidMedia
LogPluginManager: Mounting plugin AvfMedia
LogPluginManager: Mounting plugin ImgMedia
LogPluginManager: Mounting plugin LinearTimecode
LogPluginManager: Mounting plugin MediaCompositing
LogPluginManager: Mounting plugin MediaPlayerEditor
LogPluginManager: Mounting plugin WmfMedia
LogPluginManager: Mounting plugin TcpMessaging
LogPluginManager: Mounting plugin UdpMessaging
LogPluginManager: Mounting plugin ActorSequence
LogPluginManager: Mounting plugin LevelSequenceEditor
LogPluginManager: Mounting plugin MatineeToLevelSequence
LogPluginManager: Mounting plugin NetcodeUnitTest
LogPluginManager: Mounting plugin NUTUnrealEngine4
LogPluginManager: Mounting plugin OnlineSubsystemGooglePlay
LogPluginManager: Mounting plugin OnlineSubsystemIOS
LogPluginManager: Mounting plugin OnlineSubsystem
LogPluginManager: Mounting plugin OnlineSubsystemNull
LogPluginManager: Mounting plugin OnlineSubsystemUtils
LogPluginManager: Mounting plugin AndroidDeviceProfileSelector
LogPluginManager: Mounting plugin AndroidMoviePlayer
LogPluginManager: Mounting plugin AndroidPermission
LogPluginManager: Mounting plugin AppleARKit
LogPluginManager: Mounting plugin AppleMoviePlayer
LogPluginManager: Mounting plugin ArchVisCharacter
LogPluginManager: Mounting plugin AudioCapture
LogPluginManager: Mounting plugin CableComponent
LogPluginManager: Mounting plugin CustomMeshComponent
LogPluginManager: Mounting plugin ExampleDeviceProfileSelector
LogPluginManager: Mounting plugin GoogleCloudMessaging
LogPluginManager: Mounting plugin ImmediatePhysics
LogPluginManager: Mounting plugin IOSDeviceProfileSelector
LogPluginManager: Mounting plugin LinuxDeviceProfileSelector
LogPluginManager: Mounting plugin LocationServicesBPLibrary
LogPluginManager: Mounting plugin MobilePatchingUtils
LogPluginManager: Mounting plugin OculusVR
LogPluginManager: Plugin shader directory ../../../Engine/Plugins/Runtime/Oculus/OculusVR/Shaders found
LogPluginManager: Mapping shader source directory ../../../Engine/Plugins/Runtime/Oculus/OculusVR/Shaders to virtual directory /Plugin/OculusVR
LogPluginManager: Mounting plugin PhysXVehicles
LogPluginManager: Mounting plugin ProceduralMeshComponent
LogPluginManager: Mounting plugin RuntimePhysXCooking
LogPluginManager: Mounting plugin SteamVR
LogPluginManager: Mounting plugin WindowsMoviePlayer
LogStreaming: Display: Took  0.840s to configure plugins.
LogInit: Using libcurl 7.47.1
LogInit:  - built for x86_64-pc-win32
LogInit:  - supports SSL with OpenSSL/1.0.2g
LogInit:  - supports HTTP deflate (compression) using libz 1.2.8
LogInit:  - other features:
LogInit:      CURL_VERSION_SSL
LogInit:      CURL_VERSION_LIBZ
LogInit:      CURL_VERSION_IPV6
LogInit:      CURL_VERSION_ASYNCHDNS
LogInit:      CURL_VERSION_LARGEFILE
LogInit:      CURL_VERSION_IDN
LogInit:  CurlRequestOptions (configurable via config and command line):
LogInit:  - bVerifyPeer = false  - Libcurl will NOT verify peer certificate
LogInit:  - bUseHttpProxy = false  - Libcurl will NOT use HTTP proxy
LogInit:  - bDontReuseConnections = false  - Libcurl will reuse connections
LogInit:  - CertBundlePath = nullptr  - Libcurl will use whatever was configured at build time.
LogInit:  - MaxHostConnections = 16  - Libcurl will limit the number of connections to a host
LogInit:  - LocalHostAddr = Default
LogInit: WinSock: version 1.1 (2.2), MaxSocks=32767, MaxUdp=65467
LogInit: WinSock: I am DESKTOP-VJNJEKN (192.168.0.14:0)
LogInit: Build: ++UE4+Release-4.19-CL-4033788
LogInit: Engine Version: 4.19.2-4033788+++UE4+Release-4.19
LogInit: Compatible Engine Version: 4.19.0-3944462+++UE4+Release-4.19
LogInit: Net CL: 3944462
LogDevObjectVersion: Number of dev versions registered: 18
LogDevObjectVersion:   Dev-Blueprints (B0D832E4-1F89-4F0D-ACCF-7EB736FD4AA2): 10
LogDevObjectVersion:   Dev-Build (E1C64328-A22C-4D53-A36C-8E866417BD8C): 0
LogDevObjectVersion:   Dev-Core (375EC13C-06E4-48FB-B500-84F0262A717E): 2
LogDevObjectVersion:   Dev-Editor (E4B068ED-F494-42E9-A231-DA0B2E46BB41): 23
LogDevObjectVersion:   Dev-Framework (CFFC743F-43B0-4480-9391-14DF171D2073): 33
LogDevObjectVersion:   Dev-Mobile (B02B49B5-BB20-44E9-A304-32B752E40360): 2
LogDevObjectVersion:   Dev-Networking (A4E4105C-59A1-49B5-A7C5-40C4547EDFEE): 0
LogDevObjectVersion:   Dev-Online (39C831C9-5AE6-47DC-9A44-9C173E1C8E7C): 0
LogDevObjectVersion:   Dev-Physics (78F01B33-EBEA-4F98-B9B4-84EACCB95AA2): 0
LogDevObjectVersion:   Dev-Platform (6631380F-2D4D-43E0-8009-CF276956A95A): 0
LogDevObjectVersion:   Dev-Rendering (12F88B9F-8875-4AFC-A67C-D90C383ABD29): 25
LogDevObjectVersion:   Dev-Sequencer (7B5AE74C-D270-4C10-A958-57980B212A5A): 6
LogDevObjectVersion:   Dev-VR (D7296918-1DD6-4BDD-9DE2-64A83CC13884): 1
LogDevObjectVersion:   Dev-LoadTimes (C2A15278-BFE7-4AFE-6C17-90FF531DF755): 1
LogDevObjectVersion:   Private-Geometry (6EACA3D4-40EC-4CC1-B786-8BED09428FC5): 2
LogDevObjectVersion:   Dev-AnimPhys (29E575DD-E0A3-4627-9D10-D276232CDCEA): 16
LogDevObjectVersion:   Dev-ReflectionCapture (6B266CEC-1EC7-4B8F-A30B-E4D90942FC07): 1
LogDevObjectVersion:   Dev-Automation (0DF73D61-A23F-47EA-B727-89E90C41499A): 1
LogInit: Compiled (64-bit): Apr 27 2018 02:06:57
LogInit: Compiled with Visual C++: 19.00.24215.01
LogInit: Build Configuration: Development
LogInit: Branch Name: ++UE4+Release-4.19
LogInit: Command Line: 
LogInit: Base Directory: D:/Epic Games/UE_4.19/Engine/Binaries/Win64/
LogInit: Installed Engine Build: 1
LogStreaming: Display: Took  0.000s to delete old logs.
LogInit: Presizing for max 8388607 objects, including 0 objects not considered by GC, pre-allocating 0 bytes for permanent pool.
LogInit: Object subsystem initialized
[2019.01.04-00.43.33:315][  0]LogInit: Selected Device Profile: [Windows]
[2019.01.04-00.43.33:315][  0]LogInit: Applying CVar settings loaded from the selected device profile: [Windows]
[2019.01.04-00.43.33:339][  0]LogInit: Computer: DESKTOP-VJNJEKN
[2019.01.04-00.43.33:339][  0]LogInit: User: hnort
[2019.01.04-00.43.33:339][  0]LogInit: CPU Page size=4096, Cores=4
[2019.01.04-00.43.33:339][  0]LogInit: High frequency timer resolution =2.929692 MHz
[2019.01.04-00.43.33:339][  0]LogMemory: Memory total: Physical=15.9GB (16GB approx)
[2019.01.04-00.43.33:339][  0]LogMemory: Platform Memory Stats for Windows
[2019.01.04-00.43.33:339][  0]LogMemory: Process Physical Memory: 272.88 MB used, 272.88 MB peak
[2019.01.04-00.43.33:339][  0]LogMemory: Process Virtual Memory: 266.17 MB used, 266.17 MB peak
[2019.01.04-00.43.33:339][  0]LogMemory: Physical Memory: 5317.72 MB used,  11009.57 MB free, 16327.29 MB total
[2019.01.04-00.43.33:339][  0]LogMemory: Virtual Memory: 4786.34 MB used,  11009.57 MB free, 134217728.00 MB total
[2019.01.04-00.43.33:357][  0]LogInit: Using OS detected language (en-GB).
[2019.01.04-00.43.33:357][  0]LogInit: Using OS detected locale (en-GB).
[2019.01.04-00.43.33:359][  0]LogTextLocalizationManager: No specific localization for 'en-GB' exists, so the 'en' localization will be used.
[2019.01.04-00.43.33:769][  0]LogStreaming: Display: Took  0.413s to EndInitTextLocalization.
[2019.01.04-00.43.33:769][  0]LogInit: Setting process to per monitor DPI aware
[2019.01.04-00.43.33:839][  0]LogSlate: New Slate User Created.  User Index 0, Is Virtual User: 0
[2019.01.04-00.43.33:839][  0]LogSlate: Slate User Registered.  User Index 0, Is Virtual User: 0
[2019.01.04-00.43.34:006][  0]LogD3D11RHI: D3D11 adapters:
[2019.01.04-00.43.34:058][  0]LogD3D11RHI:    0. 'NVIDIA GeForce GTX 1060 3GB' (Feature Level 11_0)
[2019.01.04-00.43.34:058][  0]LogD3D11RHI:       2988/0/8163 MB DedicatedVideo/DedicatedSystem/SharedSystem, Outputs:1, VendorId:0x10de
[2019.01.04-00.43.34:060][  0]LogD3D11RHI:    1. 'Microsoft Basic Render Driver' (Feature Level 11_0)
[2019.01.04-00.43.34:060][  0]LogD3D11RHI:       0/0/8163 MB DedicatedVideo/DedicatedSystem/SharedSystem, Outputs:0, VendorId:0x1414
[2019.01.04-00.43.34:060][  0]LogD3D11RHI: Chosen D3D11 Adapter: 0
[2019.01.04-00.43.34:066][  0]LogD3D11RHI: Creating new Direct3DDevice
[2019.01.04-00.43.34:066][  0]LogD3D11RHI:     GPU DeviceId: 0x1c02 (for the marketing name, search the web for "GPU Device Id")
[2019.01.04-00.43.34:066][  0]LogWindows: EnumDisplayDevices:
[2019.01.04-00.43.34:066][  0]LogWindows:    0. 'NVIDIA GeForce GTX 1060 3GB' (P:1 D:1)
[2019.01.04-00.43.34:066][  0]LogWindows:    1. 'NVIDIA GeForce GTX 1060 3GB' (P:0 D:0)
[2019.01.04-00.43.34:066][  0]LogWindows:    2. 'NVIDIA GeForce GTX 1060 3GB' (P:0 D:0)
[2019.01.04-00.43.34:066][  0]LogWindows:    3. 'NVIDIA GeForce GTX 1060 3GB' (P:0 D:0)
[2019.01.04-00.43.34:066][  0]LogWindows: DebugString: GetVideoDriverDetailsInvalid PrimaryIsNotTheChoosenAdapter GetVideoDriverDetailsInvalid PrimaryIsNotTheChoosenAdapter GetVideoDriverDetailsInvalid PrimaryIsNotTheChoosenAdapter GetVideoDriverDetailsInvalid PrimaryIsNotTheChoosenAdapter FoundDriverCount:0 
[2019.01.04-00.43.34:066][  0]LogD3D11RHI:     Adapter Name: NVIDIA GeForce GTX 1060 3GB
[2019.01.04-00.43.34:067][  0]LogD3D11RHI:   Driver Version: Unknown (internal:Unknown, unified:Unknown)
[2019.01.04-00.43.34:067][  0]LogD3D11RHI:      Driver Date: Unknown
[2019.01.04-00.43.34:067][  0]LogRHI: Texture pool is 2091 MB (70% of 2988 MB)
[2019.01.04-00.43.34:105][  0]LogD3D11RHI: [Aftermath] Aftermath enabled and primed
[2019.01.04-00.43.34:105][  0]LogD3D11RHI: [Aftermath] Aftermath enabled and primed
[2019.01.04-00.43.34:105][  0]LogD3D11RHI: Async texture creation enabled
[2019.01.04-00.43.34:123][  0]LogD3D11RHI: GPU Timing Frequency: 1000.000000 (Debug: 2 2)
[2019.01.04-00.43.34:170][  0]LogShaderCompilers: Guid format shader working directory is 25 characters bigger than the processId version (F:/Project/Dreamland/Intermediate/Shaders/WorkingDirectory/12992/).
[2019.01.04-00.43.34:171][  0]LogShaderCompilers: Cleaned the shader compiler working directory 'C:/Users/hnort/AppData/Local/Temp/UnrealShaderWorkingDir/EB760D8F44EEBA025B56559E7FBDB89F/'.
[2019.01.04-00.43.34:362][  0]LogTemp: Display: Loaded TP AllDesktopTargetPlatform
[2019.01.04-00.43.34:378][  0]LogTemp: Display: Loaded TP MacClientTargetPlatform
[2019.01.04-00.43.34:391][  0]LogTemp: Display: Loaded TP MacNoEditorTargetPlatform
[2019.01.04-00.43.34:403][  0]LogTemp: Display: Loaded TP MacServerTargetPlatform
[2019.01.04-00.43.34:416][  0]LogTemp: Display: Loaded TP MacTargetPlatform
[2019.01.04-00.43.34:429][  0]LogTemp: Display: Loaded TP WindowsClientTargetPlatform
[2019.01.04-00.43.34:441][  0]LogTemp: Display: Loaded TP WindowsNoEditorTargetPlatform
[2019.01.04-00.43.34:454][  0]LogTemp: Display: Loaded TP WindowsServerTargetPlatform
[2019.01.04-00.43.34:459][  0]LogTemp: Display: Loaded TP WindowsTargetPlatform
[2019.01.04-00.43.34:471][  0]LogTemp: Display: Loaded TP Android_ASTCTargetPlatform
[2019.01.04-00.43.34:483][  0]LogTemp: Display: Loaded TP Android_ATCTargetPlatform
[2019.01.04-00.43.34:495][  0]LogTemp: Display: Loaded TP Android_DXTTargetPlatform
[2019.01.04-00.43.34:507][  0]LogTemp: Display: Loaded TP Android_ETC1aTargetPlatform
[2019.01.04-00.43.34:519][  0]LogTemp: Display: Loaded TP Android_ETC1TargetPlatform
[2019.01.04-00.43.34:531][  0]LogTemp: Display: Loaded TP Android_ETC2TargetPlatform
[2019.01.04-00.43.34:554][  0]LogTemp: Display: Loaded TP Android_MultiTargetPlatform
[2019.01.04-00.43.34:554][  0]LogTemp: Display: Loaded TP Android_PVRTCTargetPlatform
[2019.01.04-00.43.34:567][  0]LogTemp: Display: Loaded TP AndroidTargetPlatform
[2019.01.04-00.43.34:568][  0]LogTemp: Display: Loaded TP HTML5TargetPlatform
[2019.01.04-00.43.34:604][  0]LogTemp: Display: Loaded TP IOSTargetPlatform
[2019.01.04-00.43.34:615][  0]LogTemp: Display: Loaded TP TVOSTargetPlatform
[2019.01.04-00.43.34:627][  0]LogTemp: Display: Loaded TP LinuxClientTargetPlatform
[2019.01.04-00.43.34:638][  0]LogTemp: Display: Loaded TP LinuxNoEditorTargetPlatform
[2019.01.04-00.43.34:651][  0]LogTemp: Display: Loaded TP LinuxServerTargetPlatform
[2019.01.04-00.43.34:662][  0]LogTemp: Display: Loaded TP LinuxTargetPlatform
[2019.01.04-00.43.34:662][  0]LogTargetPlatformManager: Display: Building Assets For Windows
[2019.01.04-00.43.34:748][  0]LogXGEController: Cannot use XGE Controller as Incredibuild is not installed on this machine.
[2019.01.04-00.43.34:748][  0]LogShaderCompilers: Cannot use XGE Shader Compiler as Incredibuild is not installed on this machine.
[2019.01.04-00.43.34:749][  0]LogShaderCompilers: Display: Using Local Shader Compiler.
[2019.01.04-00.43.35:383][  0]LogDerivedDataCache: Display: Max Cache Size: 512 MB
[2019.01.04-00.43.35:449][  0]LogDerivedDataCache: Loaded boot cache 0.07s 74MB C:/Users/hnort/AppData/Local/UnrealEngine/4.19/DerivedDataCache/Boot.ddc.
[2019.01.04-00.43.35:449][  0]LogDerivedDataCache: Display: Loaded Boot cache: C:/Users/hnort/AppData/Local/UnrealEngine/4.19/DerivedDataCache/Boot.ddc
[2019.01.04-00.43.35:449][  0]LogDerivedDataCache: FDerivedDataBackendGraph:  Pak pak cache file F:/Project/Dreamland/DerivedDataCache/DDC.ddp not found, will not use a pak cache.
[2019.01.04-00.43.35:449][  0]LogDerivedDataCache: Unable to find inner node Pak for hierarchical cache Hierarchy.
[2019.01.04-00.43.35:449][  0]LogDerivedDataCache: FDerivedDataBackendGraph:  CompressedPak pak cache file F:/Project/Dreamland/DerivedDataCache/Compressed.ddp not found, will not use a pak cache.
[2019.01.04-00.43.35:449][  0]LogDerivedDataCache: Unable to find inner node CompressedPak for hierarchical cache Hierarchy.
[2019.01.04-00.43.35:464][  0]LogDerivedDataCache: Display: Pak cache opened for reading ../../../Engine/DerivedDataCache/Compressed.ddp.
[2019.01.04-00.43.35:477][  0]LogDerivedDataCache: Using Local data cache path C:/Users/hnort/AppData/Local/UnrealEngine/Common/DerivedDataCache: Writable
[2019.01.04-00.43.35:477][  0]LogDerivedDataCache: Shared data cache path not found in *engine.ini, will not use an Shared cache.
[2019.01.04-00.43.35:477][  0]LogDerivedDataCache: Unable to find inner node Shared for hierarchical cache Hierarchy.
[2019.01.04-00.43.35:489][  0]LogMaterial: Verifying Global Shaders for PCD3D_SM5
[2019.01.04-00.43.35:489][  0]LogSlate: Using Freetype 2.6.0
[2019.01.04-00.43.35:489][  0]LogSlate: SlateFontCache - WITH_FREETYPE: 1, WITH_HARFBUZZ: 1
[2019.01.04-00.43.35:489][  0]LogSlate: SlateFontCache - WITH_FREETYPE: 1, WITH_HARFBUZZ: 1
[2019.01.04-00.43.35:598][  0]LogAssetRegistry: FAssetRegistry took 0.0261 seconds to start up
[2019.01.04-00.43.35:897][  0]LogInit: Selected Device Profile: [Windows]
[2019.01.04-00.43.36:026][  0]LogSimplygon: Simplygon DLL not present - disabling.
[2019.01.04-00.43.36:028][  0]LogMeshReduction: Using SimplygonSwarm for distributed automatic mesh merging
[2019.01.04-00.43.36:028][  0]LogMeshReduction: Using QuadricMeshReduction for automatic static mesh reduction
[2019.01.04-00.43.36:028][  0]LogMeshReduction: No automatic skeletal mesh reduction module available
[2019.01.04-00.43.36:028][  0]LogMeshReduction: No automatic mesh merging module available
[2019.01.04-00.43.36:028][  0]LogMeshMerging: No automatic mesh merging module available
[2019.01.04-00.43.36:052][  0]LogNetVersion: Dreamland , NetCL: 3944462, EngineNetVer: 2, GameNetVer: 0 (Checksum: 271755495)
[2019.01.04-00.43.36:582][  0]LogPackageLocalizationCache: Processed 9 localized package path(s) for 2 prioritized culture(s) in 0.173982 seconds
[2019.01.04-00.43.36:588][  0]LogUObjectArray: 36728 objects as part of root set at end of initial load.
[2019.01.04-00.43.36:588][  0]LogUObjectAllocator: 7314304 out of 0 bytes used by permanent object pool.
[2019.01.04-00.43.36:588][  0]LogUObjectArray: CloseDisregardForGC: 0/0 objects in disregard for GC pool
[2019.01.04-00.43.38:167][  0]LogTcpMessaging: Initializing TcpMessaging bridge
[2019.01.04-00.43.38:192][  0]LogUdpMessaging: Initializing bridge on interface 0.0.0.0:0 to multicast group 230.0.0.1:6666.
[2019.01.04-00.43.38:478][  0]SourceControl: Source control is disabled
[2019.01.04-00.43.38:478][  0]SourceControl: Source control is disabled
[2019.01.04-00.43.38:492][  0]SourceControl: Source control is disabled
[2019.01.04-00.43.38:506][  0]SourceControl: Source control is disabled
[2019.01.04-00.43.38:904][  0]LogAndroidPermission: UAndroidPermissionCallbackProxy::GetInstance
[2019.01.04-00.43.39:090][  0]LogOcInput: OculusInput pre-init called
[2019.01.04-00.43.39:181][  0]LogEngine: Initializing Engine...
[2019.01.04-00.43.39:182][  0]LogHMD: Failed to initialize OpenVR with code 110
[2019.01.04-00.43.39:183][  0]LogStats: UGameplayTagsManager::ConstructGameplayTagTree: Construct from data asset -  0.000 s
[2019.01.04-00.43.39:183][  0]LogStats: UGameplayTagsManager::ConstructGameplayTagTree: GameplayTagTreeChangedEvent.Broadcast -  0.000 s
[2019.01.04-00.43.39:377][  0]LogAIModule: Creating AISystem for world Untitled
[2019.01.04-00.43.39:443][  0]LogInit: XAudio2 using 'Speakers (Elgato Sound Capture)' : 2 channels at 48 kHz using 16 bits per sample (channel mask 0x3)
[2019.01.04-00.43.39:453][  0]LogInit: FAudioDevice initialized.
[2019.01.04-00.43.39:598][  0]LogDerivedDataCache: Saved boot cache 0.15s 74MB C:/Users/hnort/AppData/Local/UnrealEngine/4.19/DerivedDataCache/Boot.ddc.
[2019.01.04-00.43.39:611][  0]LogInit: Texture streaming: Enabled
[2019.01.04-00.43.39:624][  0]LogEngineSessionManager: EngineSessionManager initialized
[2019.01.04-00.43.39:634][  0]LogInit: Transaction tracking system initialized
[2019.01.04-00.43.39:652][  0]BlueprintLog: New page: Editor Load
[2019.01.04-00.43.39:708][  0]LocalizationService: Localization service is disabled
[2019.01.04-00.43.39:773][  0]LogLinker: Warning: Can't find file '/Game/RollingBP/RollingOverview'
[2019.01.04-00.43.39:773][  0]LogLinker: Warning: Can't find file '/Game/RollingBP/RollingOverview'
[2019.01.04-00.43.39:773][  0]LogUObjectGlobals: Warning: Failed to find object 'Class /Game/RollingBP/RollingOverview.RollingOverview_C'
[2019.01.04-00.43.39:806][  0]LogConsoleResponse: Display: 
[2019.01.04-00.43.39:954][  0]LogCook: Display: Max memory allowance for cook 16384mb min free memory 0mb
[2019.01.04-00.43.39:954][  0]LogCook: Display: Mobile HDR setting 1
[2019.01.04-00.43.39:954][  0]LogGameplayTags: Display: UGameplayTagsManager::DoneAddingNativeTags. DelegateIsBound: 0
[2019.01.04-00.43.39:954][  0]LogStats: UGameplayTagsManager::ConstructGameplayTagTree: Construct from data asset -  0.000 s
[2019.01.04-00.43.39:954][  0]LogStats: UGameplayTagsManager::ConstructGameplayTagTree: GameplayTagTreeChangedEvent.Broadcast -  0.000 s
[2019.01.04-00.43.40:236][  0]LogFileCache: Scanning file cache for directory 'F:/Project/Dreamland/Content/' took 0.02s
[2019.01.04-00.43.40:236][  0]SourceControl: Source control is disabled
[2019.01.04-00.43.40:236][  0]Cmd: MAP LOAD FILE="F:/Project/Dreamland/Content/Dreamland/Levels/MidCastle/MidCastleLevel.umap" TEMPLATE=0 SHOWPROGRESS=1 FEATURELEVEL=3
[2019.01.04-00.43.40:236][  0]LightingResults: New page: Lighting Build
[2019.01.04-00.43.40:238][  0]MapCheck: New page: Map Check
[2019.01.04-00.43.40:238][  0]LightingResults: New page: Lighting Build
[2019.01.04-00.43.40:854][  0]LogAIModule: Creating AISystem for world MidCastleLevel
[2019.01.04-00.43.40:863][  0]LogEditorServer: Finished looking for orphan Actors (0.000 secs)
[2019.01.04-00.43.40:876][  0]Cmd: MAP CHECKDEP NOCLEARLOG
[2019.01.04-00.43.40:915][  0]MapCheck: Map check complete: 0 Error(s), 0 Warning(s), took 39.85ms to complete.
[2019.01.04-00.43.40:916][  0]LogFileHelpers: Loading map 'MidCastleLevel' took 0.680
[2019.01.04-00.43.41:060][  0]LogCollectionManager: Loaded 0 collections in 0.001095 seconds
[2019.01.04-00.43.41:088][  0]LogFileCache: Scanning file cache for directory 'F:/Project/Dreamland/Saved/Collections/' took 0.01s
[2019.01.04-00.43.41:088][  0]LogFileCache: Scanning file cache for directory 'F:/Project/Dreamland/Content/Developers/hnort/Collections/' took 0.01s
[2019.01.04-00.43.41:088][  0]LogFileCache: Scanning file cache for directory 'F:/Project/Dreamland/Content/Collections/' took 0.00s
[2019.01.04-00.43.41:088][  0]LogCollectionManager: Rebuilt the GUID cache for 0 collections in 0.000000 seconds
[2019.01.04-00.43.41:096][  0]LogContentBrowser: Native class hierarchy populated in 0.0084 seconds. Added 2452 classes and 558 folders.
[2019.01.04-00.43.41:101][  0]LogContentBrowser: Native class hierarchy updated for 'WidgetCarousel' in 0.0002 seconds. Added 0 classes and 0 folders.
[2019.01.04-00.43.41:411][  0]LogContentBrowser: Native class hierarchy updated for 'AddContentDialog' in 0.0002 seconds. Added 0 classes and 0 folders.
[2019.01.04-00.43.41:415][  0]LogContentBrowser: Native class hierarchy updated for 'SceneOutliner' in 0.0003 seconds. Added 1 classes and 2 folders.
[2019.01.04-00.43.41:483][  0]LogSlate: Took 0.000236 seconds to synchronously load lazily loaded font '../../../Engine/Content/Slate/Fonts/Roboto-Regular.ttf' (155K)
[2019.01.04-00.43.41:486][  0]LogSlate: Took 0.000275 seconds to synchronously load lazily loaded font '../../../Engine/Content/Slate/Fonts/Roboto-Bold.ttf' (160K)
[2019.01.04-00.43.41:498][  0]LogSlate: Took 0.006400 seconds to synchronously load lazily loaded font '../../../Engine/Content/Editor/Slate/Fonts/FontAwesome.ttf' (139K)
[2019.01.04-00.43.41:642][  0]LogRenderer: Reallocating scene render targets to support 1084x620 Format 10 NumSamples 1 (Frame:1).
[2019.01.04-00.43.41:781][  0]LogContentBrowser: Native class hierarchy updated for 'HierarchicalLODOutliner' in 0.0003 seconds. Added 0 classes and 0 folders.
[2019.01.04-00.43.41:781][  0]LogLoad: (Engine Initialization) Total time: 11.13 seconds
[2019.01.04-00.43.41:781][  0]LogLoad: (Engine Initialization) Total Blueprint compile time: 0.00 seconds
[2019.01.04-00.43.41:790][  0]LogWindowsTextInputMethodSystem: Display: IME system now deactivated.
[2019.01.04-00.43.41:810][  0]LogContentStreaming: Texture pool size now 1000 MB
[2019.01.04-00.43.41:857][  0]LogSlate: Took 0.004877 seconds to synchronously load lazily loaded font '../../../Engine/Content/Slate/Fonts/Roboto-Light.ttf' (167K)
[2019.01.04-00.43.41:872][  1]LogAssetRegistry: Asset discovery search completed in 6.2961 seconds
[2019.01.04-00.43.41:874][  1]LogCollectionManager: Rebuilt the object cache for 0 collections in 0.000000 seconds (found 0 objects)
[2019.01.04-00.43.41:874][  1]LogCollectionManager: Fixed up redirectors for 0 collections in 0.000060 seconds (updated 0 objects)
[2019.01.04-00.43.42:850][104]LogSlate: Took 0.000163 seconds to synchronously load lazily loaded font '../../../Engine/Content/Slate/Fonts/Roboto-Light.ttf' (167K)
[2019.01.04-00.43.57:780][892]LogSlate: FSceneViewport::OnFocusLost() reason 0
[2019.01.04-00.44.25:535][840]LogFactory: FactoryCreateFile: Texture with ReimportTextureFactory (0 0 C:/Users/hnort/Pictures/Dreamland Logo.png)
[2019.01.04-00.44.25:591][840]LogTexture: Display: Building textures: Dreamland_Logo (AutoDXT, 1920X1080)
[2019.01.04-00.44.29:588][180]LogContentBrowser: Native class hierarchy updated for 'TextureEditor' in 0.0003 seconds. Added 1 classes and 2 folders.
[2019.01.04-00.44.44:995][926]LogContentBrowser: Native class hierarchy updated for 'BlueprintGraph' in 0.0006 seconds. Added 116 classes and 0 folders.
[2019.01.04-00.44.45:281][926]LogUObjectGlobals: Created PersistentFrame Addr=0x0000020758485d20, Size=4, Default__SKEL_PROTO_BP_AnimBlueprint_0_C Function /Engine/Transient.SKEL_PROTO_BP_AnimBlueprint_0_C:ExecuteUbergraph_PROTO_BP_AnimBlueprint_0
[2019.01.04-00.44.45:282][926]LogUObjectGlobals: Created PersistentFrame Addr=0x0000020758485d18, Size=4, Default__PROTO_BP_AnimBlueprint_0_C Function /Engine/Transient.PROTO_BP_AnimBlueprint_0_C:ExecuteUbergraph_PROTO_BP_AnimBlueprint_0
[2019.01.04-00.44.45:774][926]LogSlate: Took 0.003998 seconds to synchronously load lazily loaded font '../../../Engine/Content/Slate/Fonts/Roboto-BoldCondensed.ttf' (158K)
[2019.01.04-00.44.47:015][ 11]LogSlate: Took 0.061367 seconds to synchronously load lazily loaded font '../../../Engine/Content/Slate/Fonts/DroidSansFallback.ttf' (3848K)
[2019.01.04-00.45.34:998][186]BlueprintLog: New page: Compile SplashScreen
[2019.01.04-00.45.39:045][437]Cmd: OBJ SAVEPACKAGE PACKAGE="/Game/Dreamland/HUD/SplashScreen" FILE="F:/Project/Dreamland/Content/Dreamland/HUD/SplashScreen.uasset" SILENT=true
[2019.01.04-00.45.39:111][437]LogSavePackage: Save=46.55ms
[2019.01.04-00.45.39:111][437]LogSavePackage: Moving 'F:/Project/Dreamland/Saved/SplashScreenDFB858814953CC7A6381B7AC5C48C571.tmp' to 'F:/Project/Dreamland/Content/Dreamland/HUD/SplashScreen.uasset'
[2019.01.04-00.45.39:119][437]LogSavePackage: Display: Finished SavePackage F:/Project/Dreamland/Content/Dreamland/HUD/SplashScreen.uasset
[2019.01.04-00.45.42:096][737]LogSlate: Window 'SplashScreen' being destroyed
[2019.01.04-00.45.42:099][737]LogSlate: Window 'SplashScreen' being destroyed
[2019.01.04-00.51.06:139][583]LogTemp: Repeating last play command: Selected Viewport
[2019.01.04-00.51.06:579][583]LogPlayLevel: PlayLevel: No blueprints needed recompiling
[2019.01.04-00.51.06:579][583]PIE: New page: PIE session: MidCastleLevel (4 Jan 2019 00:51:06)
[2019.01.04-00.51.06:579][583]LogPlayLevel: Creating play world package: /Game/Dreamland/Levels/MidCastle/UEDPIE_0_MidCastleLevel
[2019.01.04-00.51.06:608][583]LogPlayLevel: PIE: StaticDuplicateObject took: (0.028459s)
[2019.01.04-00.51.06:608][583]LogAIModule: Creating AISystem for world MidCastleLevel
[2019.01.04-00.51.06:609][583]LogPlayLevel: PIE: World Init took: (0.000773s)
[2019.01.04-00.51.06:609][583]LogPlayLevel: PIE: Created PIE world by copying editor world from /Game/Dreamland/Levels/MidCastle/MidCastleLevel.MidCastleLevel to /Game/Dreamland/Levels/MidCastle/UEDPIE_0_MidCastleLevel.MidCastleLevel (0.029410s)
[2019.01.04-00.51.06:652][583]LogInit: XAudio2 using 'Speakers (Elgato Sound Capture)' : 2 channels at 48 kHz using 16 bits per sample (channel mask 0x3)
[2019.01.04-00.51.06:659][583]LogInit: FAudioDevice initialized.
[2019.01.04-00.51.06:776][583]LogUObjectGlobals: Created PersistentFrame Addr=0x000002075e91a540, Size=64, Default__ThirdPerson_AnimBP_C Function /Game/Mannequin/Animations/ThirdPerson_AnimBP.ThirdPerson_AnimBP_C:ExecuteUbergraph_ThirdPerson_AnimBP
[2019.01.04-00.51.06:787][583]LogUObjectGlobals: Destroyed PersistentFrame Addr=0x000002075e91a540, Size=64
[2019.01.04-00.51.06:787][583]LogUObjectGlobals: Created PersistentFrame Addr=0x000002075e91a580, Size=64, Default__ThirdPerson_AnimBP_C Function /Engine/Transient.REINST_ThirdPerson_AnimBP_C_0:ExecuteUbergraph_ThirdPerson_AnimBP
[2019.01.04-00.51.06:794][583]LogUObjectGlobals: Created PersistentFrame Addr=0x0000020751176ca0, Size=72, Default__ThirdPerson_AnimBP_C Function /Game/Mannequin/Animations/ThirdPerson_AnimBP.ThirdPerson_AnimBP_C:ExecuteUbergraph_ThirdPerson_AnimBP
[2019.01.04-00.51.06:908][583]LogUObjectGlobals: Created PersistentFrame Addr=0x000002075fd62fc0, Size=296, Default__ThirdPersonCharacter_C Function /Game/ThirdPersonBP/Blueprints/ThirdPersonCharacter.ThirdPersonCharacter_C:ExecuteUbergraph_ThirdPersonCharacter
[2019.01.04-00.51.06:914][583]LogUObjectGlobals: Destroyed PersistentFrame Addr=0x000002075fd62fc0, Size=296
[2019.01.04-00.51.06:914][583]LogUObjectGlobals: Created PersistentFrame Addr=0x000002075fd62fc0, Size=296, Default__ThirdPersonCharacter_C Function /Engine/Transient.REINST_ThirdPersonCharacter_C_21:ExecuteUbergraph_ThirdPersonCharacter
[2019.01.04-00.51.06:918][583]LogUObjectGlobals: Created PersistentFrame Addr=0x000002075fd611c0, Size=264, Default__ThirdPersonCharacter_C Function /Game/ThirdPersonBP/Blueprints/ThirdPersonCharacter.ThirdPersonCharacter_C:ExecuteUbergraph_ThirdPersonCharacter
[2019.01.04-00.51.06:977][583]LogSkeletalMesh: Skeletal Mesh found in DDC [11.989315ms] /Game/Mannequin/Character/Mesh/SK_Mannequin.SK_Mannequin
[2019.01.04-00.51.07:021][583]LogLoad: Game class is 'ThirdPersonGameMode_C'
[2019.01.04-00.51.07:025][583]LogWorld: Bringing World /Game/Dreamland/Levels/MidCastle/UEDPIE_0_MidCastleLevel.MidCastleLevel up for play (max tick rate 0) at 2019.01.04-00.51.07
[2019.01.04-00.51.07:026][583]LogWorld: Bringing up level for play took: 0.003814
[2019.01.04-00.51.07:029][583]LogContentBrowser: Native class hierarchy updated for 'MovieSceneCapture' in 0.0003 seconds. Added 11 classes and 0 folders.
[2019.01.04-00.51.07:031][583]PIE: Play in editor start time for /Game/Dreamland/Levels/MidCastle/UEDPIE_0_MidCastleLevel 1.451
[2019.01.04-00.51.32:867][670]LogUObjectGlobals: Destroyed PersistentFrame Addr=0x000002075fd62fc0, Size=296
[2019.01.04-00.51.32:867][670]LogUObjectGlobals: Destroyed PersistentFrame Addr=0x000002075e91a580, Size=64
[2019.01.04-00.51.46:328][190]Cmd: EDIT COPY
[2019.01.04-00.51.46:617][224]Cmd: EDIT PASTE
[2019.01.04-00.52.01:405][875]Cmd: EDIT COPY
[2019.01.04-00.52.01:626][901]Cmd: EDIT PASTE
[2019.01.04-00.52.26:134][819]Cmd: EDIT COPY
[2019.01.04-00.52.26:343][843]Cmd: EDIT PASTE
[2019.01.04-00.52.29:018][148]LogSlate: FSceneViewport::OnFocusLost() reason 0
[2019.01.04-00.52.46:318][167]Cmd: EDCALLBACK SURFPROPS
[2019.01.04-00.52.48:489][419]LogEditorViewport: Clicking Background
[2019.01.04-00.52.48:874][463]Cmd: EDCALLBACK SURFPROPS
[2019.01.04-00.52.59:700][700]LogSlate: FSceneViewport::OnFocusLost() reason 0
[2019.01.04-00.53.07:380][608]LogSlate: FSceneViewport::OnFocusLost() reason 0
[2019.01.04-00.53.13:712][353]LogSlate: FSceneViewport::OnFocusLost() reason 0
[2019.01.04-00.53.19:733][ 62]LogSlate: FSceneViewport::OnFocusLost() reason 0
[2019.01.04-00.53.26:652][878]LogSlate: FSceneViewport::OnFocusLost() reason 0
[2019.01.04-00.53.33:928][736]LogSlate: FSceneViewport::OnFocusLost() reason 0
[2019.01.04-00.53.38:892][319]LogSlate: FSceneViewport::OnFocusLost() reason 0
[2019.01.04-00.53.49:175][524]LogSlate: FSceneViewport::OnFocusLost() reason 0
[2019.01.04-00.53.56:729][420]Cmd: EDIT COPY
[2019.01.04-00.53.56:958][447]Cmd: EDIT PASTE
[2019.01.04-00.54.00:129][811]LogSlate: FSceneViewport::OnFocusLost() reason 0
[2019.01.04-00.54.23:931][573]LogSlate: FSceneViewport::OnFocusLost() reason 0
[2019.01.04-00.54.39:166][391]LogSlate: FSceneViewport::OnFocusLost() reason 2
[2019.01.04-00.54.41:353][391]LogSavePackage: Save=1797.02ms
[2019.01.04-00.54.41:353][391]LogSavePackage: Moving 'F:/Project/Dreamland/Saved/MidCastleLevelEB863CAC4614EFC704837DB7813884D9.tmp' to 'F:/Project/Dreamland/Content/Dreamland/Levels/MidCastle/MidCastleLevel.umap'
[2019.01.04-00.54.41:359][391]LogSavePackage: Display: Finished SavePackage F:/Project/Dreamland/Content/Dreamland/Levels/MidCastle/MidCastleLevel.umap
[2019.01.04-00.54.41:398][391]Cmd: OBJ SAVEPACKAGE PACKAGE="/Game/Dreamland/Levels/MidCastle/MidCastleLevel_BuiltData" FILE="F:/Project/Dreamland/Content/Dreamland/Levels/MidCastle/MidCastleLevel_BuiltData.uasset" SILENT=true
[2019.01.04-00.54.41:440][391]LogSavePackage: Save=22.54ms
[2019.01.04-00.54.41:440][391]LogSavePackage: Moving 'F:/Project/Dreamland/Saved/MidCastleLevel_BuiltData20F3D9FB4549271B25D1669BB2BB1030.tmp' to 'F:/Project/Dreamland/Content/Dreamland/Levels/MidCastle/MidCastleLevel_BuiltData.uasset'
[2019.01.04-00.54.41:444][391]LogSavePackage: Display: Finished SavePackage F:/Project/Dreamland/Content/Dreamland/Levels/MidCastle/MidCastleLevel_BuiltData.uasset
[2019.01.04-00.55.11:698][999]LogSlate: FSceneViewport::OnFocusLost() reason 0
[2019.01.04-00.55.26:597][714]LogSlate: FSceneViewport::OnFocusLost() reason 2
[2019.01.04-00.55.28:048][886]MapCheck: New page: Map Check
[2019.01.04-00.55.28:057][886]LogSlate: FSceneViewport::OnFocusLost() reason 2
[2019.01.04-00.55.28:060][886]Cmd: MAP REBUILD ALLVISIBLE
[2019.01.04-00.55.28:060][886]LogEditorServer: Rebuildmap Clear paths rebuilt
[2019.01.04-00.55.28:197][886]LightingResults: New page: Lighting Build - 4 Jan 2019 00:55:28
[2019.01.04-00.55.28:353][886]LogSwarmInterface: [OpenConnection] Registering TCP channel ...
[2019.01.04-00.55.28:464][886]LogSwarmInterface: [OpenConnection] Connecting to agent ...
[2019.01.04-00.55.28:478][886]LogSwarmInterface: [TryOpenConnection] Testing the Agent
[2019.01.04-00.55.29:510][886]LogSwarmInterface: [TryOpenConnection] Opening Connection to Agent
[2019.01.04-00.55.29:510][886]LogSwarmInterface: [TryOpenConnection] Local Process ID is 12992
[2019.01.04-00.55.31:788][886]LightingResults: Warning: No importance volume found and the scene is so large that the automatically synthesized volume will not yield good results.  Please add a tightly bounding lightmass importance volume to optimize your scene's quality and lighting build times.
[2019.01.04-00.55.31:788][886]LogStaticLightingSystem: Running Lightmass w/ ImmediateImport mode ENABLED
[2019.01.04-00.55.31:788][886]LogStaticLightingSystem: Running Lightmass w/ ImmediateProcess mode ENABLED
[2019.01.04-00.55.31:788][886]LogStaticLightingSystem: Running Lightmass w/ Sorting mode ENABLED
[2019.01.04-00.55.31:788][886]LogStaticLightingSystem: Running Lightmass w/ Mapping paddings ENABLED
[2019.01.04-00.55.31:788][886]LogStaticLightingSystem: Running Lightmass w/ Mapping debug paddings DISABLED
[2019.01.04-00.55.32:015][886]LogEditorBuildUtils: Build time 0:03
[2019.01.04-00.55.49:127][198]Job is a success!
[2019.01.04-00.55.49:477][200]LogEditorViewport: Clicking on Actor (LMB): SphereReflectionCapture (SphereReflectionCapture)
[2019.01.04-00.55.49:509][200]LogSlate: FSceneViewport::OnFocusLost() reason 2
[2019.01.04-00.55.49:655][200]LogVolumetricLightmapImport: Imported Volumetric Lightmap in 0.109s
[2019.01.04-00.55.49:655][200]LogVolumetricLightmapImport:      Indirection Texture 32x32x32 = 0.1Mb
[2019.01.04-00.55.49:655][200]LogVolumetricLightmapImport:      BrickData 1280x15x5 = 3.4Mb (trimmed 0.6Mb due to 0.010000 MinBrickError)
[2019.01.04-00.55.49:655][200]LogVolumetricLightmapImport:      Bricks at Level
[2019.01.04-00.55.49:655][200]LogVolumetricLightmapImport:          0: 1.4% covering 100.0% of volume
[2019.01.04-00.55.49:655][200]LogVolumetricLightmapImport:          1: 5.9% covering 6.6% of volume
[2019.01.04-00.55.49:655][200]LogVolumetricLightmapImport:          2: 92.7% covering 1.6% of volume
[2019.01.04-00.55.51:393][200]LogTexture: Display: Building textures: HQ_Lightmap1_1 (AutoDXT, 1024X1024)
[2019.01.04-00.55.51:393][200]LogTexture: Display: Building textures: LQ_Lightmap_1_1 (DXT1, 1024X1024)
[2019.01.04-00.55.51:393][200]LogTexture: Display: Building textures: HQ_Lightmap1_2 (AutoDXT, 2048X2048)
[2019.01.04-00.55.51:393][200]LogTexture: Display: Building textures: LQ_Lightmap_1_2 (DXT1, 2048X2048)
[2019.01.04-00.55.51:393][200]LogTexture: Display: Building textures: HQ_Lightmap0_3 (AutoDXT, 64X64)
[2019.01.04-00.55.51:393][200]LogTexture: Display: Building textures: LQ_Lightmap_0_3 (DXT1, 64X64)
[2019.01.04-00.55.51:593][200]LogTexture: Display: Building textures: ShadowMapTexture2D_4 (G8, 32X32)
[2019.01.04-00.55.51:593][200]LogTexture: Display: Building textures: ShadowMapTexture2D_3 (G8, 512X1024)
[2019.01.04-00.55.51:631][200]LogTexture: Display: Building textures: ShadowMapTexture2D_2 (G8, 1024X1024)
[2019.01.04-00.55.51:667][200]Lightmass on DESKTOP-VJNJEKN: 18.7 sec total, 190 ms importing, 27 ms setup, 2.55 sec photons, 15.9 sec processing, 0 ms extra exporting [81/81 mappings]. Threads: 1:03 min total, 24.8 sec processing.
[2019.01.04-00.55.51:736][200]LogStaticLightingSystem: Illumination: 23.4 sec (1.38 sec encoding lightmaps, 236 ms encoding shadowmaps)
[2019.01.04-00.55.51:736][200]LogStaticLightingSystem: Lightmap texture memory:  10.0 MB (0.0 MB streaming, 10.0 MB non-streaming), 6 textures
[2019.01.04-00.55.51:736][200]LogStaticLightingSystem: Shadowmap texture memory: 2.0 MB (0.0 MB streaming, 2.0 MB non-streaming), 3 textures
[2019.01.04-00.55.51:804][200]DumpUnbuiltLightIteractions
[2019.01.04-00.55.51:805][200]Lights with unbuilt interactions: 0
[2019.01.04-00.55.51:805][200]
[2019.01.04-00.55.51:805][200]Primitives with unbuilt interactions: 0
[2019.01.04-00.55.51:901][201]Cmd: MAP CHECK NOTIFYRESULTS
[2019.01.04-00.55.51:901][201]MapCheck: New page: MidCastleLevel - 4 Jan 2019 00:55:51
[2019.01.04-00.55.51:953][201]MapCheck: Map check complete: 0 Error(s), 0 Warning(s), took 52.565ms to complete.
[2019.01.04-00.55.53:822][419]LogSlate: FSceneViewport::OnFocusLost() reason 0
[2019.01.04-00.55.53:923][431]LogSlate: Window 'Message Log' being destroyed
[2019.01.04-00.55.53:929][431]LogSlate: Window 'Message Log' being destroyed
[2019.01.04-00.55.55:778][652]Cmd: DELETE
[2019.01.04-00.55.55:778][652]Cmd: ACTOR DELETE
[2019.01.04-00.55.55:783][652]LogEditorActor: Deleted Actor: SphereReflectionCapture
[2019.01.04-00.55.55:803][652]LogEditorActor: Deleted 1 Actors (0.024 secs)
[2019.01.04-00.55.57:054][802]LogSlate: FSceneViewport::OnFocusLost() reason 0
[2019.01.04-00.55.57:145][813]LogTemp: Repeating last play command: Selected Viewport
[2019.01.04-00.55.57:163][813]LogPlayLevel: PlayLevel: No blueprints needed recompiling
[2019.01.04-00.55.57:163][813]PIE: New page: PIE session: MidCastleLevel (4 Jan 2019 00:55:57)
[2019.01.04-00.55.57:163][813]LogPlayLevel: Creating play world package: /Game/Dreamland/Levels/MidCastle/UEDPIE_0_MidCastleLevel
[2019.01.04-00.55.57:191][813]LogPlayLevel: PIE: StaticDuplicateObject took: (0.028345s)
[2019.01.04-00.55.57:192][813]LogAIModule: Creating AISystem for world MidCastleLevel
[2019.01.04-00.55.57:192][813]LogPlayLevel: PIE: World Init took: (0.000795s)
[2019.01.04-00.55.57:192][813]LogPlayLevel: PIE: Created PIE world by copying editor world from /Game/Dreamland/Levels/MidCastle/MidCastleLevel.MidCastleLevel to /Game/Dreamland/Levels/MidCastle/UEDPIE_0_MidCastleLevel.MidCastleLevel (0.029315s)
[2019.01.04-00.55.57:232][813]LogInit: XAudio2 using 'Speakers (Elgato Sound Capture)' : 2 channels at 48 kHz using 16 bits per sample (channel mask 0x3)
[2019.01.04-00.55.57:238][813]LogInit: FAudioDevice initialized.
[2019.01.04-00.55.57:269][813]LogLoad: Game class is 'ThirdPersonGameMode_C'
[2019.01.04-00.55.57:273][813]LogWorld: Bringing World /Game/Dreamland/Levels/MidCastle/UEDPIE_0_MidCastleLevel.MidCastleLevel up for play (max tick rate 0) at 2019.01.04-00.55.57
[2019.01.04-00.55.57:273][813]LogWorld: Bringing up level for play took: 0.003846
[2019.01.04-00.55.57:275][813]PIE: Play in editor start time for /Game/Dreamland/Levels/MidCastle/UEDPIE_0_MidCastleLevel -0.304
[2019.01.04-00.56.07:662][ 45]LogSlate: FSceneViewport::OnFocusLost() reason 0
[2019.01.04-00.56.14:540][821]LogRenderer: Reallocating scene render targets to support 1084x820 Format 10 NumSamples 1 (Frame:1).
[2019.01.04-00.56.23:769][905]LogSlate: Window 'Color Picker' being destroyed
[2019.01.04-00.56.25:850][147]Cmd: OBJ SAVEPACKAGE PACKAGE="/Game/Dreamland/PostProcessing/M_CelShader_Inst" FILE="F:/Project/Dreamland/Content/Dreamland/PostProcessing/M_CelShader_Inst.uasset" SILENT=true
[2019.01.04-00.56.25:871][147]TextureStreamingBuild: Display: Compiling optional shaders took 0.000 seconds.
[2019.01.04-00.56.25:912][147]LogSavePackage: Save=14.69ms
[2019.01.04-00.56.25:912][147]LogSavePackage: Moving 'F:/Project/Dreamland/Saved/M_CelShader_InstBD13E9FB402C01BA094CD2A48CE2222A.tmp' to 'F:/Project/Dreamland/Content/Dreamland/PostProcessing/M_CelShader_Inst.uasset'
[2019.01.04-00.56.25:918][147]LogSavePackage: Display: Finished SavePackage F:/Project/Dreamland/Content/Dreamland/PostProcessing/M_CelShader_Inst.uasset
[2019.01.04-00.56.26:931][268]LogSlate: FSceneViewport::OnFocusLost() reason 0
[2019.01.04-00.56.27:015][278]LogSlate: Window 'M_CelShader_Inst' being destroyed
[2019.01.04-00.56.27:018][278]LogSlate: Window 'M_CelShader_Inst' being destroyed
[2019.01.04-00.56.28:309][427]LogSlate: FSceneViewport::OnFocusLost() reason 0
[2019.01.04-00.56.28:384][436]LogTemp: Repeating last play command: Selected Viewport
[2019.01.04-00.56.28:405][436]LogPlayLevel: PlayLevel: No blueprints needed recompiling
[2019.01.04-00.56.28:405][436]PIE: New page: PIE session: MidCastleLevel (4 Jan 2019 00:56:28)
[2019.01.04-00.56.28:405][436]LogPlayLevel: Creating play world package: /Game/Dreamland/Levels/MidCastle/UEDPIE_0_MidCastleLevel
[2019.01.04-00.56.28:434][436]LogPlayLevel: PIE: StaticDuplicateObject took: (0.028441s)
[2019.01.04-00.56.28:434][436]LogAIModule: Creating AISystem for world MidCastleLevel
[2019.01.04-00.56.28:435][436]LogPlayLevel: PIE: World Init took: (0.000617s)
[2019.01.04-00.56.28:435][436]LogPlayLevel: PIE: Created PIE world by copying editor world from /Game/Dreamland/Levels/MidCastle/MidCastleLevel.MidCastleLevel to /Game/Dreamland/Levels/MidCastle/UEDPIE_0_MidCastleLevel.MidCastleLevel (0.029218s)
[2019.01.04-00.56.28:476][436]LogInit: XAudio2 using 'Speakers (Elgato Sound Capture)' : 2 channels at 48 kHz using 16 bits per sample (channel mask 0x3)
[2019.01.04-00.56.28:481][436]LogInit: FAudioDevice initialized.
[2019.01.04-00.56.28:514][436]LogLoad: Game class is 'ThirdPersonGameMode_C'
[2019.01.04-00.56.28:518][436]LogWorld: Bringing World /Game/Dreamland/Levels/MidCastle/UEDPIE_0_MidCastleLevel.MidCastleLevel up for play (max tick rate 0) at 2019.01.04-00.56.28
[2019.01.04-00.56.28:519][436]LogWorld: Bringing up level for play took: 0.003931
[2019.01.04-00.56.28:520][436]PIE: Play in editor start time for /Game/Dreamland/Levels/MidCastle/UEDPIE_0_MidCastleLevel 0.94
[2019.01.04-00.58.06:764][206]LogSlate: FSceneViewport::OnFocusLost() reason 2
[2019.01.04-00.58.08:230][206]LogSavePackage: Save=1097.49ms
[2019.01.04-00.58.08:230][206]LogSavePackage: Moving 'F:/Project/Dreamland/Saved/MidCastleLevel2E4B72D64B1349DA416E35A4B420E15F.tmp' to 'F:/Project/Dreamland/Content/Dreamland/Levels/MidCastle/MidCastleLevel.umap'
[2019.01.04-00.58.08:245][206]LogSavePackage: Display: Finished SavePackage F:/Project/Dreamland/Content/Dreamland/Levels/MidCastle/MidCastleLevel.umap
[2019.01.04-00.58.08:278][206]Cmd: OBJ SAVEPACKAGE PACKAGE="/Game/Dreamland/Levels/MidCastle/MidCastleLevel_BuiltData" FILE="F:/Project/Dreamland/Content/Dreamland/Levels/MidCastle/MidCastleLevel_BuiltData.uasset" SILENT=true
[2019.01.04-00.58.08:777][206]LogSavePackage: Save=492.13ms
[2019.01.04-00.58.08:777][206]LogSavePackage: Moving 'F:/Project/Dreamland/Saved/MidCastleLevel_BuiltDataE724A4C54C23E7EBFD0C1B88209E9575.tmp' to 'F:/Project/Dreamland/Content/Dreamland/Levels/MidCastle/MidCastleLevel_BuiltData.uasset'
[2019.01.04-00.58.08:783][206]LogSavePackage: Display: Finished SavePackage F:/Project/Dreamland/Content/Dreamland/Levels/MidCastle/MidCastleLevel_BuiltData.uasset
[2019.01.04-00.58.09:578][301]LogSlate: FSceneViewport::OnFocusLost() reason 0
[2019.01.04-00.58.11:554][311]LogSlate: Window 'Save Content' being destroyed
[2019.01.04-00.58.11:566][311]LogSlate: FSceneViewport::OnFocusLost() reason 2
[2019.01.04-00.58.11:578][311]Cmd: OBJ SAVEPACKAGE PACKAGE="/Game/Dreamland/Textures/Logo/Dreamland_Logo" FILE="F:/Project/Dreamland/Content/Dreamland/Textures/Logo/Dreamland_Logo.uasset" SILENT=true
[2019.01.04-00.58.11:678][311]LogSavePackage: Save=94.55ms
[2019.01.04-00.58.11:678][311]LogSavePackage: Moving 'F:/Project/Dreamland/Saved/Dreamland_Logo5906389941FC0EEA6B611AA41259194A.tmp' to 'F:/Project/Dreamland/Content/Dreamland/Textures/Logo/Dreamland_Logo.uasset'
[2019.01.04-00.58.11:683][311]LogSavePackage: Display: Finished SavePackage F:/Project/Dreamland/Content/Dreamland/Textures/Logo/Dreamland_Logo.uasset
[2019.01.04-00.58.11:782][311]LogSlate: Window 'Dreamland - Unreal Editor' being destroyed
[2019.01.04-00.58.11:782][311]LogWindowsTextInputMethodSystem: Display: IME system now deactivated.
[2019.01.04-00.58.11:985][312]Cmd: QUIT_EDITOR
[2019.01.04-00.58.12:634][312]LogSlate: Slate User Destroyed.  User Index 0, Is Virtual User: 0
[2019.01.04-00.58.12:634][312]LogExit: Preparing to exit.
[2019.01.04-00.58.13:707][312]LogExit: Editor shut down
[2019.01.04-00.58.13:711][312]LogExit: Transaction tracking system shut down
[2019.01.04-00.58.13:711][312]LogUObjectGlobals: Destroyed PersistentFrame Addr=0x000002075fd611c0, Size=264
[2019.01.04-00.58.13:713][312]LogUObjectGlobals: Destroyed PersistentFrame Addr=0x0000020751176ca0, Size=72
[2019.01.04-00.58.13:714][312]LogUObjectGlobals: Destroyed PersistentFrame Addr=0x0000020758485d20, Size=4
[2019.01.04-00.58.13:714][312]LogUObjectGlobals: Destroyed PersistentFrame Addr=0x0000020758485d18, Size=4
[2019.01.04-00.58.13:872][312]LogDirectoryWatcher: A directory notification for '../../../Engine/Content/' was aborted.
[2019.01.04-00.58.13:872][312]LogDirectoryWatcher: A directory notification for 'F:/Project/Dreamland/Content/' was aborted.
[2019.01.04-00.58.13:872][312]LogDirectoryWatcher: A directory notification for '../../Plugins/2D/Paper2D/Content/' was aborted.
[2019.01.04-00.58.13:872][312]LogDirectoryWatcher: A directory notification for '../../Plugins/Enterprise/DatasmithContent/Content/' was aborted.
[2019.01.04-00.58.13:872][312]LogDirectoryWatcher: A directory notification for '../../Plugins/Media/MediaCompositing/Content/' was aborted.
[2019.01.04-00.58.13:872][312]LogDirectoryWatcher: A directory notification for '../../Plugins/Runtime/AppleARKit/Content/' was aborted.
[2019.01.04-00.58.13:872][312]LogDirectoryWatcher: A directory notification for '../../Plugins/Runtime/Oculus/OculusVR/Content/' was aborted.
[2019.01.04-00.58.13:872][312]LogDirectoryWatcher: A directory notification for '../../Plugins/Runtime/Steam/SteamVR/Content/' was aborted.
[2019.01.04-00.58.13:981][312]LogExit: Object subsystem successfully closed.
[2019.01.04-00.58.14:004][312]LogShaderCompilers: Display: Shaders left to compile 0
[2019.01.04-00.58.14:008][312]LogD3D11RHI: Shutdown
[2019.01.04-00.58.14:008][312]LogD3D11RHI: CleanupD3DDevice
[2019.01.04-00.58.14:010][312]LogD3D11RHI: ~FD3D11DynamicRHI
[2019.01.04-00.58.14:021][312]LogModuleManager: Shutting down and abandoning module MovieSceneCapture (582)
[2019.01.04-00.58.14:021][312]LogModuleManager: Shutting down and abandoning module SequencerWidgets (580)
[2019.01.04-00.58.14:021][312]LogModuleManager: Shutting down and abandoning module BlueprintGraph (578)
[2019.01.04-00.58.14:021][312]LogModuleManager: Shutting down and abandoning module TextureEditor (576)
[2019.01.04-00.58.14:021][312]LogModuleManager: Shutting down and abandoning module HierarchicalLODOutliner (574)
[2019.01.04-00.58.14:021][312]LogModuleManager: Shutting down and abandoning module SceneOutliner (572)
[2019.01.04-00.58.14:021][312]LogModuleManager: Shutting down and abandoning module AddContentDialog (570)
[2019.01.04-00.58.14:021][312]LogDirectoryWatcher: A directory notification for 'D:/Epic Games/UE_4.19/FeaturePacks/' was aborted.
[2019.01.04-00.58.14:022][312]LogModuleManager: Shutting down and abandoning module WidgetCarousel (569)
[2019.01.04-00.58.14:022][312]LogModuleManager: Shutting down and abandoning module EditorWidgets (566)
[2019.01.04-00.58.14:022][312]LogModuleManager: Shutting down and abandoning module CollectionManager (564)
[2019.01.04-00.58.14:022][312]LogDirectoryWatcher: A directory notification for 'F:/Project/Dreamland/Content/Collections/' was aborted.
[2019.01.04-00.58.14:022][312]LogDirectoryWatcher: A directory notification for 'F:/Project/Dreamland/Content/Developers/hnort/Collections/' was aborted.
[2019.01.04-00.58.14:022][312]LogDirectoryWatcher: A directory notification for 'F:/Project/Dreamland/Saved/Collections/' was aborted.
[2019.01.04-00.58.14:022][312]LogModuleManager: Shutting down and abandoning module StatsViewer (562)
[2019.01.04-00.58.14:022][312]LogModuleManager: Shutting down and abandoning module FoliageEdit (560)
[2019.01.04-00.58.14:022][312]LogModuleManager: Shutting down and abandoning module LandscapeEditor (558)
[2019.01.04-00.58.14:023][312]LogModuleManager: Shutting down and abandoning module MeshPaintMode (556)
[2019.01.04-00.58.14:023][312]LogModuleManager: Shutting down and abandoning module SceneDepthPickerMode (554)
[2019.01.04-00.58.14:023][312]LogModuleManager: Shutting down and abandoning module ActorPickerMode (552)
[2019.01.04-00.58.14:023][312]LogModuleManager: Shutting down and abandoning module GeometryMode (550)
[2019.01.04-00.58.14:023][312]LogModuleManager: Shutting down and abandoning module TextureAlignMode (548)
[2019.01.04-00.58.14:023][312]LogModuleManager: Shutting down and abandoning module BspMode (546)
[2019.01.04-00.58.14:023][312]LogModuleManager: Shutting down and abandoning module PIEPreviewDeviceProfileSelector (544)
[2019.01.04-00.58.14:023][312]LogModuleManager: Shutting down and abandoning module HardwareSurvey (542)
[2019.01.04-00.58.14:023][312]LogModuleManager: Shutting down and abandoning module SequenceRecorderSections (540)
[2019.01.04-00.58.14:023][312]LogModuleManager: Shutting down and abandoning module AutomationWorker (538)
[2019.01.04-00.58.14:023][312]LogModuleManager: Shutting down and abandoning module AudioCaptureEditor (536)
[2019.01.04-00.58.14:023][312]LogModuleManager: Shutting down and abandoning module SequenceRecorder (535)
[2019.01.04-00.58.14:023][312]LogModuleManager: Shutting down and abandoning module MatineeToLevelSequence (532)
[2019.01.04-00.58.14:023][312]LogModuleManager: Shutting down and abandoning module LevelSequenceEditor (530)
[2019.01.04-00.58.14:023][312]LogModuleManager: Shutting down and abandoning module PlacementMode (529)
[2019.01.04-00.58.14:023][312]LogModuleManager: Shutting down and abandoning module MaterialEditor (528)
[2019.01.04-00.58.14:023][312]LogModuleManager: Shutting down and abandoning module WmfMediaFactory (524)
[2019.01.04-00.58.14:023][312]LogModuleManager: Shutting down and abandoning module WmfMediaEditor (522)
[2019.01.04-00.58.14:023][312]LogModuleManager: Shutting down and abandoning module MediaPlayerEditor (520)
[2019.01.04-00.58.14:023][312]LogModuleManager: Shutting down and abandoning module OpenExrWrapper (518)
[2019.01.04-00.58.14:023][312]LogModuleManager: Shutting down and abandoning module ImgMediaFactory (516)
[2019.01.04-00.58.14:023][312]LogModuleManager: Shutting down and abandoning module ImgMediaEditor (514)
[2019.01.04-00.58.14:023][312]LogModuleManager: Shutting down and abandoning module AvfMediaFactory (512)
[2019.01.04-00.58.14:023][312]LogModuleManager: Shutting down and abandoning module AvfMediaEditor (510)
[2019.01.04-00.58.14:023][312]LogModuleManager: Shutting down and abandoning module AndroidMediaFactory (508)
[2019.01.04-00.58.14:023][312]LogModuleManager: Shutting down and abandoning module AndroidMediaEditor (506)
[2019.01.04-00.58.14:023][312]LogModuleManager: Shutting down and abandoning module CharacterAI (504)
[2019.01.04-00.58.14:023][312]LogModuleManager: Shutting down and abandoning module SmartSnapping (502)
[2019.01.04-00.58.14:023][312]LogModuleManager: Shutting down and abandoning module SessionServices (500)
[2019.01.04-00.58.14:023][312]LogModuleManager: Shutting down and abandoning module ViewportSnapping (498)
[2019.01.04-00.58.14:023][312]LogModuleManager: Shutting down and abandoning module ViewportInteraction (496)
[2019.01.04-00.58.14:023][312]LogModuleManager: Shutting down and abandoning module ClothPainter (494)
[2019.01.04-00.58.14:023][312]LogModuleManager: Shutting down and abandoning module SkeletalMeshEditor (493)
[2019.01.04-00.58.14:023][312]LogModuleManager: Shutting down and abandoning module LogVisualizer (490)
[2019.01.04-00.58.14:023][312]LogModuleManager: Shutting down and abandoning module IntroTutorials (488)
[2019.01.04-00.58.14:024][312]LogModuleManager: Shutting down and abandoning module GameProjectGeneration (487)
[2019.01.04-00.58.14:024][312]LogModuleManager: Shutting down and abandoning module IOSPlatformEditor (484)
[2019.01.04-00.58.14:024][312]LogModuleManager: Shutting down and abandoning module HTML5PlatformEditor (482)
[2019.01.04-00.58.14:024][312]LogModuleManager: Shutting down and abandoning module AndroidPlatformEditor (480)
[2019.01.04-00.58.14:024][312]LogModuleManager: Shutting down and abandoning module AndroidDeviceDetection (479)
[2019.01.04-00.58.14:220][312]LogModuleManager: Shutting down and abandoning module WindowsPlatformEditor (476)
[2019.01.04-00.58.14:220][312]LogModuleManager: Shutting down and abandoning module IOSRuntimeSettings (474)
[2019.01.04-00.58.14:220][312]LogModuleManager: Shutting down and abandoning module AndroidRuntimeSettings (472)
[2019.01.04-00.58.14:220][312]LogModuleManager: Shutting down and abandoning module InputBindingEditor (470)
[2019.01.04-00.58.14:220][312]LogModuleManager: Shutting down and abandoning module MergeActors (468)
[2019.01.04-00.58.14:220][312]LogModuleManager: Shutting down and abandoning module LocalizationDashboard (466)
[2019.01.04-00.58.14:220][312]LogModuleManager: Shutting down and abandoning module LocalizationService (465)
[2019.01.04-00.58.14:221][312]LogModuleManager: Shutting down and abandoning module HardwareTargeting (462)
[2019.01.04-00.58.14:221][312]LogModuleManager: Shutting down and abandoning module DeviceProfileEditor (460)
[2019.01.04-00.58.14:221][312]LogModuleManager: Shutting down and abandoning module UndoHistory (458)
[2019.01.04-00.58.14:221][312]LogModuleManager: Shutting down and abandoning module XmlParser (456)
[2019.01.04-00.58.14:221][312]LogModuleManager: Shutting down and abandoning module Blutility (454)
[2019.01.04-00.58.14:221][312]LogModuleManager: Shutting down and abandoning module ProjectSettingsViewer (452)
[2019.01.04-00.58.14:221][312]LogModuleManager: Shutting down and abandoning module ProjectTargetPlatformEditor (451)
[2019.01.04-00.58.14:221][312]LogModuleManager: Shutting down and abandoning module EditorSettingsViewer (448)
[2019.01.04-00.58.14:221][312]LogModuleManager: Shutting down and abandoning module SettingsEditor (446)
[2019.01.04-00.58.14:221][312]LogModuleManager: Shutting down and abandoning module ProjectLauncher (444)
[2019.01.04-00.58.14:221][312]LogModuleManager: Shutting down and abandoning module SessionFrontend (442)
[2019.01.04-00.58.14:221][312]LogModuleManager: Shutting down and abandoning module ProfilerClient (440)
[2019.01.04-00.58.14:221][312]LogModuleManager: Shutting down and abandoning module DeviceManager (438)
[2019.01.04-00.58.14:221][312]LogModuleManager: Shutting down and abandoning module TargetDeviceServices (437)
[2019.01.04-00.58.14:276][312]LogModuleManager: Shutting down and abandoning module AutomationController (434)
[2019.01.04-00.58.14:276][312]LogModuleManager: Shutting down and abandoning module AutomationWindow (432)
[2019.01.04-00.58.14:276][312]LogModuleManager: Shutting down and abandoning module Layers (430)
[2019.01.04-00.58.14:276][312]LogModuleManager: Shutting down and abandoning module ComponentVisualizers (428)
[2019.01.04-00.58.14:276][312]LogModuleManager: Shutting down and abandoning module DetailCustomizations (426)
[2019.01.04-00.58.14:276][312]LogModuleManager: Shutting down and abandoning module PackagesDialog (424)
[2019.01.04-00.58.14:276][312]LogModuleManager: Shutting down and abandoning module Persona (422)
[2019.01.04-00.58.14:276][312]LogModuleManager: Shutting down and abandoning module AdvancedPreviewScene (421)
[2019.01.04-00.58.14:276][312]LogModuleManager: Shutting down and abandoning module AnimGraph (419)
[2019.01.04-00.58.14:276][312]LogModuleManager: Shutting down and abandoning module Kismet (416)
[2019.01.04-00.58.14:280][312]LogModuleManager: Shutting down and abandoning module GraphEditor (414)
[2019.01.04-00.58.14:280][312]LogModuleManager: Shutting down and abandoning module ClassViewer (412)
[2019.01.04-00.58.14:280][312]LogModuleManager: Shutting down and abandoning module Toolbox (410)
[2019.01.04-00.58.14:280][312]LogModuleManager: Shutting down and abandoning module ModuleUI (408)
[2019.01.04-00.58.14:280][312]LogModuleManager: Shutting down and abandoning module MovieSceneTools (406)
[2019.01.04-00.58.14:281][312]LogModuleManager: Shutting down and abandoning module OutputLog (404)
[2019.01.04-00.58.14:281][312]LogModuleManager: Shutting down and abandoning module GammaUI (402)
[2019.01.04-00.58.14:281][312]LogModuleManager: Shutting down and abandoning module Documentation (400)
[2019.01.04-00.58.14:281][312]LogModuleManager: Shutting down and abandoning module MovieSceneTracks (398)
[2019.01.04-00.58.14:281][312]LogModuleManager: Shutting down and abandoning module MovieScene (396)
[2019.01.04-00.58.14:281][312]LogModuleManager: Shutting down and abandoning module StreamingPauseRendering (394)
[2019.01.04-00.58.14:281][312]LogModuleManager: Shutting down and abandoning module LauncherPlatform (392)
[2019.01.04-00.58.14:281][312]LogModuleManager: Shutting down and abandoning module AnalyticsET (390)
[2019.01.04-00.58.14:281][312]LogModuleManager: Shutting down and abandoning module PortalServices (388)
[2019.01.04-00.58.14:281][312]LogModuleManager: Shutting down and abandoning module PortalRpc (386)
[2019.01.04-00.58.14:281][312]LogModuleManager: Shutting down and abandoning module MessagingRpc (384)
[2019.01.04-00.58.14:281][312]LogModuleManager: Shutting down and abandoning module AIModule (382)
[2019.01.04-00.58.14:281][312]LogModuleManager: Shutting down and abandoning module GameplayDebugger (381)
[2019.01.04-00.58.14:281][312]LogModuleManager: Shutting down and abandoning module AITestSuite (379)
[2019.01.04-00.58.14:281][312]LogModuleManager: Shutting down and abandoning module DesktopPlatform (376)
[2019.01.04-00.58.14:281][312]LogModuleManager: Shutting down and abandoning module ProfilerService (374)
[2019.01.04-00.58.14:484][312]LogModuleManager: Shutting down and abandoning module TaskGraph (372)
[2019.01.04-00.58.14:484][312]LogModuleManager: Shutting down and abandoning module SteamVRController (370)
[2019.01.04-00.58.14:484][312]LogModuleManager: Shutting down and abandoning module ProceduralMeshComponentEditor (368)
[2019.01.04-00.58.14:484][312]LogModuleManager: Shutting down and abandoning module ProceduralMeshComponent (366)
[2019.01.04-00.58.14:484][312]LogModuleManager: Shutting down and abandoning module OculusInput (364)
[2019.01.04-00.58.14:484][312]LogModuleManager: Shutting down and abandoning module MobilePatchingUtils (362)
[2019.01.04-00.58.14:484][312]LogModuleManager: Shutting down and abandoning module CustomMeshComponent (360)
[2019.01.04-00.58.14:484][312]LogModuleManager: Shutting down and abandoning module CableComponent (358)
[2019.01.04-00.58.14:484][312]LogModuleManager: Shutting down and abandoning module AudioCapture (356)
[2019.01.04-00.58.14:484][312]LogModuleManager: Shutting down and abandoning module ArchVisCharacter (354)
[2019.01.04-00.58.14:484][312]LogModuleManager: Shutting down and abandoning module AndroidPermission (352)
[2019.01.04-00.58.14:484][312]LogModuleManager: Shutting down and abandoning module NUTUnrealEngine4 (348)
[2019.01.04-00.58.14:484][312]LogModuleManager: Shutting down and abandoning module NetcodeUnitTest (346)
[2019.01.04-00.58.14:484][312]LogModuleManager: Shutting down and abandoning module MediaCompositingEditor (344)
[2019.01.04-00.58.14:484][312]LogModuleManager: Shutting down and abandoning module MediaCompositing (342)
[2019.01.04-00.58.14:484][312]LogModuleManager: Shutting down and abandoning module LinearTimecode (340)
[2019.01.04-00.58.14:484][312]LogModuleManager: Shutting down and abandoning module ImgMedia (338)
[2019.01.04-00.58.14:488][312]LogModuleManager: Shutting down and abandoning module HTML5Networking (336)
[2019.01.04-00.58.14:488][312]LogModuleManager: Shutting down and abandoning module AlembicImporter (334)
[2019.01.04-00.58.14:488][312]LogModuleManager: Shutting down and abandoning module AlembicLibrary (333)
[2019.01.04-00.58.14:488][312]LogModuleManager: Shutting down and abandoning module GeometryCache (332)
[2019.01.04-00.58.14:488][312]LogModuleManager: Shutting down and abandoning module GeometryCacheEd (331)
[2019.01.04-00.58.14:488][312]LogModuleManager: Shutting down and abandoning module DatasmithContent (326)
[2019.01.04-00.58.14:488][312]LogModuleManager: Shutting down and abandoning module SpeedTreeImporter (324)
[2019.01.04-00.58.14:488][312]LogModuleManager: Shutting down and abandoning module PluginBrowser (322)
[2019.01.04-00.58.14:488][312]LogModuleManager: Shutting down and abandoning module MobileLauncherProfileWizard (320)
[2019.01.04-00.58.14:488][312]LogModuleManager: Shutting down and abandoning module CryptoKeysOpenSSL (318)
[2019.01.04-00.58.14:488][312]LogModuleManager: Shutting down and abandoning module CryptoKeys (316)
[2019.01.04-00.58.14:488][312]LogModuleManager: Shutting down and abandoning module VisualStudioSourceCodeAccess (314)
[2019.01.04-00.58.14:488][312]LogModuleManager: Shutting down and abandoning module VisualStudioCodeSourceCodeAccess (312)
[2019.01.04-00.58.14:488][312]LogModuleManager: Shutting down and abandoning module UObjectPlugin (310)
[2019.01.04-00.58.14:488][312]LogModuleManager: Shutting down and abandoning module SubversionSourceControl (308)
[2019.01.04-00.58.14:488][312]LogModuleManager: Shutting down and abandoning module PerforceSourceControl (306)
[2019.01.04-00.58.14:488][312]LogModuleManager: Shutting down and abandoning module GitSourceControl (304)
[2019.01.04-00.58.14:488][312]LogModuleManager: Shutting down and abandoning module SourceControl (303)
[2019.01.04-00.58.14:489][312]LogModuleManager: Shutting down and abandoning module CLionSourceCodeAccess (300)
[2019.01.04-00.58.14:489][312]LogModuleManager: Shutting down and abandoning module LightPropagationVolumeEditor (298)
[2019.01.04-00.58.14:489][312]LogModuleManager: Shutting down and abandoning module PaperTiledImporter (296)
[2019.01.04-00.58.14:489][312]LogModuleManager: Shutting down and abandoning module PaperSpriteSheetImporter (294)
[2019.01.04-00.58.14:489][312]LogModuleManager: Shutting down and abandoning module Paper2DEditor (292)
[2019.01.04-00.58.14:489][312]LogModuleManager: Shutting down and abandoning module MeshPaint (291)
[2019.01.04-00.58.14:489][312]LogModuleManager: Shutting down and abandoning module RuntimePhysXCooking (288)
[2019.01.04-00.58.14:489][312]LogModuleManager: Shutting down and abandoning module PhysXVehiclesEditor (286)
[2019.01.04-00.58.14:489][312]LogModuleManager: Shutting down and abandoning module PhysXVehicles (284)
[2019.01.04-00.58.14:489][312]LogModuleManager: Shutting down and abandoning module OculusEditor (282)
[2019.01.04-00.58.14:489][312]LogModuleManager: Shutting down and abandoning module LocationServicesBPLibrary (280)
[2019.01.04-00.58.14:489][312]LogModuleManager: Shutting down and abandoning module ImmediatePhysicsEditor (278)
[2019.01.04-00.58.14:489][312]LogModuleManager: Shutting down and abandoning module ImmediatePhysics (276)
[2019.01.04-00.58.14:489][312]LogModuleManager: Shutting down and abandoning module ActorSequence (274)
[2019.01.04-00.58.14:489][312]LogModuleManager: Shutting down and abandoning module UdpMessaging (272)
[2019.01.04-00.58.14:590][312]LogModuleManager: Shutting down and abandoning module TcpMessaging (270)
[2019.01.04-00.58.14:690][312]LogModuleManager: Shutting down and abandoning module GameplayTagsEditor (268)
[2019.01.04-00.58.14:690][312]LogModuleManager: Shutting down and abandoning module FacialAnimationEditor (266)
[2019.01.04-00.58.14:690][312]LogModuleManager: Shutting down and abandoning module FacialAnimation (264)
[2019.01.04-00.58.14:690][312]LogModuleManager: Shutting down and abandoning module DataValidation (262)
[2019.01.04-00.58.14:690][312]LogModuleManager: Shutting down and abandoning module AssetManagerEditor (260)
[2019.01.04-00.58.14:690][312]LogModuleManager: Shutting down and abandoning module LevelEditor (259)
[2019.01.04-00.58.14:691][312]LogModuleManager: Shutting down and abandoning module PixelInspectorModule (258)
[2019.01.04-00.58.14:692][312]LogModuleManager: Shutting down and abandoning module CommonMenuExtensions (256)
[2019.01.04-00.58.14:693][312]LogModuleManager: Shutting down and abandoning module MainFrame (254)
[2019.01.04-00.58.14:693][312]LogModuleManager: Shutting down and abandoning module HotReload (253)
[2019.01.04-00.58.14:693][312]LogModuleManager: Shutting down and abandoning module ContentBrowser (249)
[2019.01.04-00.58.14:694][312]LogModuleManager: Shutting down and abandoning module TreeMap (247)
[2019.01.04-00.58.14:694][312]LogModuleManager: Shutting down and abandoning module LightPropagationVolumeRuntime (244)
[2019.01.04-00.58.14:694][312]LogModuleManager: Shutting down and abandoning module LiveLinkEditor (242)
[2019.01.04-00.58.14:694][312]LogModuleManager: Shutting down and abandoning module LiveLink (240)
[2019.01.04-00.58.15:385][312]LogModuleManager: Shutting down and abandoning module Paper2D (238)
[2019.01.04-00.58.15:386][312]LogModuleManager: Shutting down and abandoning module WindowsMoviePlayer (236)
[2019.01.04-00.58.15:386][312]LogModuleManager: Shutting down and abandoning module WmfMedia (234)
[2019.01.04-00.58.15:390][312]LogModuleManager: Shutting down and abandoning module Media (233)
[2019.01.04-00.58.15:396][312]LogModuleManager: Shutting down and abandoning module PacketHandler (230)
[2019.01.04-00.58.15:396][312]LogModuleManager: Shutting down and abandoning module ClothingSystemEditor (228)
[2019.01.04-00.58.15:397][312]LogModuleManager: Shutting down and abandoning module ClothingSystemRuntime (226)
[2019.01.04-00.58.15:397][312]LogModuleManager: Shutting down and abandoning module MediaAssets (224)
[2019.01.04-00.58.15:397][312]LogModuleManager: Shutting down and abandoning module Overlay (222)
[2019.01.04-00.58.15:397][312]LogModuleManager: Shutting down and abandoning module OverlayEditor (221)
[2019.01.04-00.58.15:397][312]LogModuleManager: Shutting down and abandoning module VREditor (218)
[2019.01.04-00.58.15:397][312]LogModuleManager: Shutting down and abandoning module StringTableEditor (216)
[2019.01.04-00.58.15:397][312]LogModuleManager: Shutting down and abandoning module GameplayTasksEditor (214)
[2019.01.04-00.58.15:397][312]LogModuleManager: Shutting down and abandoning module BehaviorTreeEditor (212)
[2019.01.04-00.58.15:397][312]LogModuleManager: Shutting down and abandoning module FunctionalTesting (210)
[2019.01.04-00.58.15:397][312]LogModuleManager: Shutting down and abandoning module CollisionAnalyzer (208)
[2019.01.04-00.58.15:397][312]LogModuleManager: Shutting down and abandoning module WorkspaceMenuStructure (207)
[2019.01.04-00.58.15:397][312]LogModuleManager: Shutting down and abandoning module UMG (204)
[2019.01.04-00.58.15:397][312]LogModuleManager: Shutting down and abandoning module UMGEditor (203)
[2019.01.04-00.58.15:397][312]LogModuleManager: Shutting down and abandoning module Sequencer (202)
[2019.01.04-00.58.15:397][312]LogModuleManager: Shutting down and abandoning module MessageLog (199)
[2019.01.04-00.58.15:397][312]LogModuleManager: Shutting down and abandoning module SlateReflector (194)
[2019.01.04-00.58.15:397][312]LogModuleManager: Shutting down and abandoning module Slate (192)
[2019.01.04-00.58.15:397][312]LogModuleManager: Shutting down and abandoning module EditorStyle (190)
[2019.01.04-00.58.15:399][312]LogModuleManager: Shutting down and abandoning module MRMesh (188)
[2019.01.04-00.58.15:399][312]LogModuleManager: Shutting down and abandoning module SourceCodeAccess (186)
[2019.01.04-00.58.15:399][312]LogModuleManager: Shutting down and abandoning module HeadMountedDisplay (184)
[2019.01.04-00.58.15:399][312]LogModuleManager: Shutting down and abandoning module XAudio2 (182)
[2019.01.04-00.58.15:399][312]LogModuleManager: Shutting down and abandoning module Networking (180)
[2019.01.04-00.58.15:399][312]LogModuleManager: Shutting down and abandoning module Core (178)
[2019.01.04-00.58.15:399][312]LogModuleManager: Shutting down and abandoning module LevelSequence (176)
[2019.01.04-00.58.15:399][312]LogModuleManager: Shutting down and abandoning module KismetCompiler (174)
[2019.01.04-00.58.15:399][312]LogModuleManager: Shutting down and abandoning module MeshUtilities (172)
[2019.01.04-00.58.15:399][312]LogModuleManager: Shutting down and abandoning module MeshMergeUtilities (171)
[2019.01.04-00.58.15:399][312]LogModuleManager: Shutting down and abandoning module MeshReductionInterface (170)
[2019.01.04-00.58.15:399][312]LogModuleManager: Shutting down and abandoning module SimplygonSwarm (169)
[2019.01.04-00.58.15:399][312]LogModuleManager: Shutting down and abandoning module SimplygonMeshReduction (167)
[2019.01.04-00.58.15:399][312]LogModuleManager: Shutting down and abandoning module QuadricMeshReduction (165)
[2019.01.04-00.58.15:399][312]LogModuleManager: Shutting down and abandoning module MaterialBaking (161)
[2019.01.04-00.58.15:399][312]LogModuleManager: Shutting down and abandoning module DirectoryWatcher (157)
[2019.01.04-00.58.15:401][312]LogModuleManager: Shutting down and abandoning module DerivedDataCache (154)
[2019.01.04-00.58.15:402][312]LogDerivedDataCache: Shutdown
[2019.01.04-00.58.15:402][312]LogModuleManager: Shutting down and abandoning module XGEController (152)
[2019.01.04-00.58.15:402][312]LogModuleManager: Shutting down and abandoning module TargetPlatform (150)
[2019.01.04-00.58.15:402][312]LogModuleManager: Shutting down and abandoning module VulkanShaderFormat (149)
[2019.01.04-00.58.15:402][312]LogModuleManager: Shutting down and abandoning module ShaderFormatVectorVM (147)
[2019.01.04-00.58.15:402][312]LogModuleManager: Shutting down and abandoning module ShaderFormatOpenGL (145)
[2019.01.04-00.58.15:402][312]LogModuleManager: Shutting down and abandoning module ShaderFormatD3D (143)
[2019.01.04-00.58.15:402][312]LogModuleManager: Shutting down and abandoning module MetalShaderFormat (141)
[2019.01.04-00.58.15:402][312]LogModuleManager: Shutting down and abandoning module TextureFormatUncompressed (139)
[2019.01.04-00.58.15:402][312]LogModuleManager: Shutting down and abandoning module TextureFormatPVR (137)
[2019.01.04-00.58.15:402][312]LogModuleManager: Shutting down and abandoning module TextureFormatDXT (135)
[2019.01.04-00.58.15:402][312]LogModuleManager: Shutting down and abandoning module TextureFormatIntelISPCTexComp (133)
[2019.01.04-00.58.15:403][312]LogModuleManager: Shutting down and abandoning module TextureFormatASTC (131)
[2019.01.04-00.58.15:403][312]LogModuleManager: Shutting down and abandoning module ImageWrapper (130)
[2019.01.04-00.58.15:403][312]LogModuleManager: Shutting down and abandoning module TextureFormatAndroid (127)
[2019.01.04-00.58.15:403][312]LogModuleManager: Shutting down and abandoning module AudioFormatOpus (125)
[2019.01.04-00.58.15:403][312]LogModuleManager: Shutting down and abandoning module AudioFormatOgg (123)
[2019.01.04-00.58.15:403][312]LogModuleManager: Shutting down and abandoning module AudioFormatADPCM (121)
[2019.01.04-00.58.15:403][312]LogModuleManager: Shutting down and abandoning module LinuxTargetPlatform (119)
[2019.01.04-00.58.15:403][312]LogModuleManager: Shutting down and abandoning module LinuxServerTargetPlatform (117)
[2019.01.04-00.58.15:403][312]LogModuleManager: Shutting down and abandoning module LinuxNoEditorTargetPlatform (115)
[2019.01.04-00.58.15:403][312]LogModuleManager: Shutting down and abandoning module LinuxClientTargetPlatform (113)
[2019.01.04-00.58.15:403][312]LogModuleManager: Shutting down and abandoning module TVOSTargetPlatform (111)
[2019.01.04-00.58.15:403][312]LogModuleManager: Shutting down and abandoning module Messaging (109)
[2019.01.04-00.58.15:403][312]LogModuleManager: Shutting down and abandoning module IOSTargetPlatform (107)
[2019.01.04-00.58.15:403][312]LogModuleManager: Shutting down and abandoning module HTML5TargetPlatform (105)
[2019.01.04-00.58.15:403][312]LogModuleManager: Shutting down and abandoning module AndroidTargetPlatform (103)
[2019.01.04-00.58.15:403][312]LogModuleManager: Shutting down and abandoning module Android_PVRTCTargetPlatform (101)
[2019.01.04-00.58.15:403][312]LogModuleManager: Shutting down and abandoning module Android_MultiTargetPlatform (99)
[2019.01.04-00.58.15:403][312]LogModuleManager: Shutting down and abandoning module Android_ETC2TargetPlatform (97)
[2019.01.04-00.58.15:403][312]LogModuleManager: Shutting down and abandoning module Android_ETC1TargetPlatform (95)
[2019.01.04-00.58.15:403][312]LogModuleManager: Shutting down and abandoning module Android_ETC1aTargetPlatform (93)
[2019.01.04-00.58.15:403][312]LogModuleManager: Shutting down and abandoning module Android_DXTTargetPlatform (91)
[2019.01.04-00.58.15:403][312]LogModuleManager: Shutting down and abandoning module Android_ATCTargetPlatform (89)
[2019.01.04-00.58.15:403][312]LogModuleManager: Shutting down and abandoning module Android_ASTCTargetPlatform (87)
[2019.01.04-00.58.15:403][312]LogModuleManager: Shutting down and abandoning module WindowsTargetPlatform (85)
[2019.01.04-00.58.15:403][312]LogModuleManager: Shutting down and abandoning module WindowsServerTargetPlatform (83)
[2019.01.04-00.58.15:403][312]LogModuleManager: Shutting down and abandoning module WindowsNoEditorTargetPlatform (81)
[2019.01.04-00.58.15:403][312]LogModuleManager: Shutting down and abandoning module WindowsClientTargetPlatform (79)
[2019.01.04-00.58.15:403][312]LogModuleManager: Shutting down and abandoning module MacTargetPlatform (77)
[2019.01.04-00.58.15:403][312]LogModuleManager: Shutting down and abandoning module MacServerTargetPlatform (75)
[2019.01.04-00.58.15:403][312]LogModuleManager: Shutting down and abandoning module MacNoEditorTargetPlatform (73)
[2019.01.04-00.58.15:403][312]LogModuleManager: Shutting down and abandoning module MacClientTargetPlatform (71)
[2019.01.04-00.58.15:403][312]LogModuleManager: Shutting down and abandoning module AllDesktopTargetPlatform (69)
[2019.01.04-00.58.15:403][312]LogModuleManager: Shutting down and abandoning module InputCore (66)
[2019.01.04-00.58.15:403][312]LogModuleManager: Shutting down and abandoning module Settings (64)
[2019.01.04-00.58.15:403][312]LogModuleManager: Shutting down and abandoning module PhysXCooking (62)
[2019.01.04-00.58.15:403][312]LogModuleManager: Shutting down and abandoning module SteamVR (60)
[2019.01.04-00.58.15:403][312]LogModuleManager: Shutting down and abandoning module OculusHMD (58)
[2019.01.04-00.58.15:403][312]LogModuleManager: Shutting down and abandoning module ExampleDeviceProfileSelector (56)
[2019.01.04-00.58.15:404][312]LogModuleManager: Shutting down and abandoning module AppleARKit (54)
[2019.01.04-00.58.15:404][312]LogModuleManager: Shutting down and abandoning module AugmentedReality (51)
[2019.01.04-00.58.15:404][312]LogModuleManager: Shutting down and abandoning module OnlineBlueprintSupport (48)
[2019.01.04-00.58.15:404][312]LogModuleManager: Shutting down and abandoning module OnlineSubsystem (44)
[2019.01.04-00.58.15:404][312]LogModuleManager: Shutting down and abandoning module XMPP (43)
[2019.01.04-00.58.15:404][312]LogModuleManager: Shutting down and abandoning module HTTP (41)
[2019.01.04-00.58.15:404][312]LogHttp: Display: Http module shutting down, but needs to wait on 1 outstanding Http requests:
[2019.01.04-00.58.15:404][312]LogHttp: Display: 	verb=[POST] url=[https://datarouter.ol.epicgames.com/datarouter/api/v1/public/data?SessionID=%7BC5D13EE6-4633-2B96-6B4D-21B3BA1D9DA4%7D&AppID=UEEditor.Rocket.Release&AppVersion=4.19.2-4033788%2B%2B%2BUE4%2BRelease-4.19&UserID=f1d632e74c37731fd0eddfa8016045bc%7C7d0f246111664d4e9193fb5a192801f6%7Cfb7b887a-d99e-48dd-ba3b-f6cea1d206dd&AppEnvironment=datacollector-binary&UploadType=eteventstream] status=Processing
[2019.01.04-00.58.15:416][312]LogModuleManager: Shutting down and abandoning module SSL (40)
[2019.01.04-00.58.15:417][312]LogModuleManager: Shutting down and abandoning module AnimationModifiers (36)
[2019.01.04-00.58.15:417][312]LogModuleManager: Shutting down and abandoning module PropertyEditor (35)
[2019.01.04-00.58.15:418][312]LogModuleManager: Shutting down and abandoning module AudioEditor (32)
[2019.01.04-00.58.15:418][312]LogModuleManager: Shutting down and abandoning module TextureCompressor (30)
[2019.01.04-00.58.15:418][312]LogModuleManager: Shutting down and abandoning module ShaderCore (28)
[2019.01.04-00.58.15:418][312]LogModuleManager: Shutting down and abandoning module Landscape (26)
[2019.01.04-00.58.15:418][312]LogModuleManager: Shutting down and abandoning module SlateRHIRenderer (24)
[2019.01.04-00.58.15:419][312]LogModuleManager: Shutting down and abandoning module OpenGLDrv (22)
[2019.01.04-00.58.15:419][312]LogModuleManager: Shutting down and abandoning module D3D11RHI (20)
[2019.01.04-00.58.15:419][312]LogModuleManager: Shutting down and abandoning module AnimGraphRuntime (18)
[2019.01.04-00.58.15:419][312]LogModuleManager: Shutting down and abandoning module Renderer (16)
[2019.01.04-00.58.15:419][312]LogModuleManager: Shutting down and abandoning module Engine (14)
[2019.01.04-00.58.15:419][312]LogModuleManager: Shutting down and abandoning module CoreUObject (12)
[2019.01.04-00.58.15:419][312]LogModuleManager: Shutting down and abandoning module NetworkFile (10)
[2019.01.04-00.58.15:419][312]LogModuleManager: Shutting down and abandoning module CookedIterativeFile (8)
[2019.01.04-00.58.15:419][312]LogModuleManager: Shutting down and abandoning module StreamingFile (6)
[2019.01.04-00.58.15:419][312]LogModuleManager: Shutting down and abandoning module SandboxFile (4)
[2019.01.04-00.58.15:419][312]LogModuleManager: Shutting down and abandoning module PakFile (2)
[2019.01.04-00.58.15:424][312]LogExit: Exiting.
[2019.01.04-00.58.15:438][312]Log file closed, 01/04/19 00:58:15
